[0.134s] Invoking command in '/home/lab-pc/robot_hand_ws/build/hand_robot_bringup': CMAKE_PREFIX_PATH=/home/lab-pc/robot_hand_ws/install/hand_py_pkg:/home/lab-pc/ros2_ws/install/my_py_pkg:/home/lab-pc/install/my_py_pkg:/opt/ros/foxy:${CMAKE_PREFIX_PATH} /usr/bin/cmake /home/lab-pc/robot_hand_ws/src/hand_robot_bringup -DCMAKE_INSTALL_PREFIX=/home/lab-pc/robot_hand_ws/install/hand_robot_bringup
[0.181s] -- The C compiler identification is GNU 9.4.0
[0.221s] -- The CXX compiler identification is GNU 9.4.0
[0.226s] -- Check for working C compiler: /usr/bin/cc
[0.263s] -- Check for working C compiler: /usr/bin/cc -- works
[0.264s] -- Detecting C compiler ABI info
[0.301s] -- Detecting C compiler ABI info - done
[0.307s] -- Detecting C compile features
[0.308s] -- Detecting C compile features - done
[0.309s] -- Check for working CXX compiler: /usr/bin/c++
[0.354s] -- Check for working CXX compiler: /usr/bin/c++ -- works
[0.354s] -- Detecting CXX compiler ABI info
[0.397s] -- Detecting CXX compiler ABI info - done
[0.403s] -- Detecting CXX compile features
[0.404s] -- Detecting CXX compile features - done
[0.408s] -- Found ament_cmake: 0.9.11 (/opt/ros/foxy/share/ament_cmake/cmake)
[0.427s] -- Found PythonInterp: /usr/bin/python3 (found suitable version "3.8.10", minimum required is "3") 
[0.427s] -- Using PYTHON_EXECUTABLE: /usr/bin/python3
[0.582s] -- Configuring done
[0.582s] -- Generating done
[0.583s] -- Build files have been written to: /home/lab-pc/robot_hand_ws/build/hand_robot_bringup
[0.586s] Invoked command in '/home/lab-pc/robot_hand_ws/build/hand_robot_bringup' returned '0': CMAKE_PREFIX_PATH=/home/lab-pc/robot_hand_ws/install/hand_py_pkg:/home/lab-pc/ros2_ws/install/my_py_pkg:/home/lab-pc/install/my_py_pkg:/opt/ros/foxy:${CMAKE_PREFIX_PATH} /usr/bin/cmake /home/lab-pc/robot_hand_ws/src/hand_robot_bringup -DCMAKE_INSTALL_PREFIX=/home/lab-pc/robot_hand_ws/install/hand_robot_bringup
[0.587s] Invoking command in '/home/lab-pc/robot_hand_ws/build/hand_robot_bringup': CMAKE_PREFIX_PATH=/home/lab-pc/robot_hand_ws/install/hand_py_pkg:/home/lab-pc/ros2_ws/install/my_py_pkg:/home/lab-pc/install/my_py_pkg:/opt/ros/foxy:${CMAKE_PREFIX_PATH} /usr/bin/cmake --build /home/lab-pc/robot_hand_ws/build/hand_robot_bringup -- -j16 -l16
[0.607s] Invoked command in '/home/lab-pc/robot_hand_ws/build/hand_robot_bringup' returned '0': CMAKE_PREFIX_PATH=/home/lab-pc/robot_hand_ws/install/hand_py_pkg:/home/lab-pc/ros2_ws/install/my_py_pkg:/home/lab-pc/install/my_py_pkg:/opt/ros/foxy:${CMAKE_PREFIX_PATH} /usr/bin/cmake --build /home/lab-pc/robot_hand_ws/build/hand_robot_bringup -- -j16 -l16
[0.627s] Invoking command in '/home/lab-pc/robot_hand_ws/build/hand_robot_bringup': CMAKE_PREFIX_PATH=/home/lab-pc/robot_hand_ws/install/hand_py_pkg:/home/lab-pc/ros2_ws/install/my_py_pkg:/home/lab-pc/install/my_py_pkg:/opt/ros/foxy:${CMAKE_PREFIX_PATH} /usr/bin/cmake --install /home/lab-pc/robot_hand_ws/build/hand_robot_bringup
[0.631s] -- Install configuration: ""
[0.631s] -- Installing: /home/lab-pc/robot_hand_ws/install/hand_robot_bringup/share/hand_robot_bringup/launch
[0.631s] -- Installing: /home/lab-pc/robot_hand_ws/install/hand_robot_bringup/share/hand_robot_bringup/launch/hand_robot.launch.py
[0.631s] -- Installing: /home/lab-pc/robot_hand_ws/install/hand_robot_bringup/share/ament_index/resource_index/package_run_dependencies/hand_robot_bringup
[0.631s] -- Installing: /home/lab-pc/robot_hand_ws/install/hand_robot_bringup/share/ament_index/resource_index/parent_prefix_path/hand_robot_bringup
[0.632s] -- Installing: /home/lab-pc/robot_hand_ws/install/hand_robot_bringup/share/hand_robot_bringup/environment/ament_prefix_path.sh
[0.632s] -- Installing: /home/lab-pc/robot_hand_ws/install/hand_robot_bringup/share/hand_robot_bringup/environment/ament_prefix_path.dsv
[0.632s] -- Installing: /home/lab-pc/robot_hand_ws/install/hand_robot_bringup/share/hand_robot_bringup/environment/path.sh
[0.632s] -- Installing: /home/lab-pc/robot_hand_ws/install/hand_robot_bringup/share/hand_robot_bringup/environment/path.dsv
[0.632s] -- Installing: /home/lab-pc/robot_hand_ws/install/hand_robot_bringup/share/hand_robot_bringup/local_setup.bash
[0.632s] -- Installing: /home/lab-pc/robot_hand_ws/install/hand_robot_bringup/share/hand_robot_bringup/local_setup.sh
[0.632s] -- Installing: /home/lab-pc/robot_hand_ws/install/hand_robot_bringup/share/hand_robot_bringup/local_setup.zsh
[0.632s] -- Installing: /home/lab-pc/robot_hand_ws/install/hand_robot_bringup/share/hand_robot_bringup/local_setup.dsv
[0.632s] -- Installing: /home/lab-pc/robot_hand_ws/install/hand_robot_bringup/share/hand_robot_bringup/package.dsv
[0.632s] -- Installing: /home/lab-pc/robot_hand_ws/install/hand_robot_bringup/share/ament_index/resource_index/packages/hand_robot_bringup
[0.632s] -- Installing: /home/lab-pc/robot_hand_ws/install/hand_robot_bringup/share/hand_robot_bringup/cmake/hand_robot_bringupConfig.cmake
[0.632s] -- Installing: /home/lab-pc/robot_hand_ws/install/hand_robot_bringup/share/hand_robot_bringup/cmake/hand_robot_bringupConfig-version.cmake
[0.632s] -- Installing: /home/lab-pc/robot_hand_ws/install/hand_robot_bringup/share/hand_robot_bringup/package.xml
[0.633s] Invoked command in '/home/lab-pc/robot_hand_ws/build/hand_robot_bringup' returned '0': CMAKE_PREFIX_PATH=/home/lab-pc/robot_hand_ws/install/hand_py_pkg:/home/lab-pc/ros2_ws/install/my_py_pkg:/home/lab-pc/install/my_py_pkg:/opt/ros/foxy:${CMAKE_PREFIX_PATH} /usr/bin/cmake --install /home/lab-pc/robot_hand_ws/build/hand_robot_bringup
