-- The C compiler identification is GNU 9.4.0
-- The CXX compiler identification is GNU 9.4.0
-- Check for working C compiler: /usr/bin/cc
-- Check for working C compiler: /usr/bin/cc -- works
-- Detecting C compiler ABI info
-- Detecting C compiler ABI info - done
-- Detecting C compile features
-- Detecting C compile features - done
-- Check for working CXX compiler: /usr/bin/c++
-- Check for working CXX compiler: /usr/bin/c++ -- works
-- Detecting CXX compiler ABI info
-- Detecting CXX compiler ABI info - done
-- Detecting CXX compile features
-- Detecting CXX compile features - done
-- Found ament_cmake: 0.9.11 (/opt/ros/foxy/share/ament_cmake/cmake)
-- Found PythonInterp: /usr/bin/python3 (found suitable version "3.8.10", minimum required is "3") 
-- Using PYTHON_EXECUTABLE: /usr/bin/python3
-- Configuring done
-- Generating done
-- Build files have been written to: /home/lab-pc/robot_hand_ws/build/schunk_svh_description
-- Install configuration: ""
-- Installing: /home/lab-pc/robot_hand_ws/install/schunk_svh_description/share/schunk_svh_description/meshes
-- Installing: /home/lab-pc/robot_hand_ws/install/schunk_svh_description/share/schunk_svh_description/meshes/d11.dae
-- Installing: /home/lab-pc/robot_hand_ws/install/schunk_svh_description/share/schunk_svh_description/meshes/f31.dae
-- Installing: /home/lab-pc/robot_hand_ws/install/schunk_svh_description/share/schunk_svh_description/meshes/base10.dae
-- Installing: /home/lab-pc/robot_hand_ws/install/schunk_svh_description/share/schunk_svh_description/meshes/f21.dae
-- Installing: /home/lab-pc/robot_hand_ws/install/schunk_svh_description/share/schunk_svh_description/meshes/materials.daelib
-- Installing: /home/lab-pc/robot_hand_ws/install/schunk_svh_description/share/schunk_svh_description/meshes/f41.dae
-- Installing: /home/lab-pc/robot_hand_ws/install/schunk_svh_description/share/schunk_svh_description/meshes/f30.dae
-- Installing: /home/lab-pc/robot_hand_ws/install/schunk_svh_description/share/schunk_svh_description/meshes/f10.dae
-- Installing: /home/lab-pc/robot_hand_ws/install/schunk_svh_description/share/schunk_svh_description/meshes/replace_effects.sed
-- Installing: /home/lab-pc/robot_hand_ws/install/schunk_svh_description/share/schunk_svh_description/meshes/f20.dae
-- Installing: /home/lab-pc/robot_hand_ws/install/schunk_svh_description/share/schunk_svh_description/meshes/d13.dae
-- Installing: /home/lab-pc/robot_hand_ws/install/schunk_svh_description/share/schunk_svh_description/meshes/f33.dae
-- Installing: /home/lab-pc/robot_hand_ws/install/schunk_svh_description/share/schunk_svh_description/meshes/f40.dae
-- Installing: /home/lab-pc/robot_hand_ws/install/schunk_svh_description/share/schunk_svh_description/meshes/d12.dae
-- Installing: /home/lab-pc/robot_hand_ws/install/schunk_svh_description/share/schunk_svh_description/meshes/h10.dae
-- Installing: /home/lab-pc/robot_hand_ws/install/schunk_svh_description/share/schunk_svh_description/meshes/d10.dae
-- Installing: /home/lab-pc/robot_hand_ws/install/schunk_svh_description/share/schunk_svh_description/meshes/f22.dae
-- Installing: /home/lab-pc/robot_hand_ws/install/schunk_svh_description/share/schunk_svh_description/meshes/f13.dae
-- Installing: /home/lab-pc/robot_hand_ws/install/schunk_svh_description/share/schunk_svh_description/meshes/f43.dae
-- Installing: /home/lab-pc/robot_hand_ws/install/schunk_svh_description/share/schunk_svh_description/meshes/h11.dae
-- Installing: /home/lab-pc/robot_hand_ws/install/schunk_svh_description/share/schunk_svh_description/meshes/f12.dae
-- Installing: /home/lab-pc/robot_hand_ws/install/schunk_svh_description/share/schunk_svh_description/meshes/f11.dae
-- Installing: /home/lab-pc/robot_hand_ws/install/schunk_svh_description/share/schunk_svh_description/meshes/f23.dae
-- Installing: /home/lab-pc/robot_hand_ws/install/schunk_svh_description/share/schunk_svh_description/meshes/f42.dae
-- Installing: /home/lab-pc/robot_hand_ws/install/schunk_svh_description/share/schunk_svh_description/meshes/f32.dae
-- Installing: /home/lab-pc/robot_hand_ws/install/schunk_svh_description/share/schunk_svh_description/urdf
-- Installing: /home/lab-pc/robot_hand_ws/install/schunk_svh_description/share/schunk_svh_description/urdf/svh.transmission.xacro
-- Installing: /home/lab-pc/robot_hand_ws/install/schunk_svh_description/share/schunk_svh_description/urdf/svh.urdf.xacro
-- Installing: /home/lab-pc/robot_hand_ws/install/schunk_svh_description/share/schunk_svh_description/urdf/svh-standalone.srdf
-- Installing: /home/lab-pc/robot_hand_ws/install/schunk_svh_description/share/schunk_svh_description/urdf/svh.gazebo.xacro
-- Installing: /home/lab-pc/robot_hand_ws/install/schunk_svh_description/share/schunk_svh_description/urdf/common.xacro
-- Installing: /home/lab-pc/robot_hand_ws/install/schunk_svh_description/share/schunk_svh_description/urdf/svh-standalone.urdf.xacro
-- Installing: /home/lab-pc/robot_hand_ws/install/schunk_svh_description/share/ament_index/resource_index/package_run_dependencies/schunk_svh_description
-- Installing: /home/lab-pc/robot_hand_ws/install/schunk_svh_description/share/ament_index/resource_index/parent_prefix_path/schunk_svh_description
-- Installing: /home/lab-pc/robot_hand_ws/install/schunk_svh_description/share/schunk_svh_description/environment/ament_prefix_path.sh
-- Installing: /home/lab-pc/robot_hand_ws/install/schunk_svh_description/share/schunk_svh_description/environment/ament_prefix_path.dsv
-- Installing: /home/lab-pc/robot_hand_ws/install/schunk_svh_description/share/schunk_svh_description/environment/path.sh
-- Installing: /home/lab-pc/robot_hand_ws/install/schunk_svh_description/share/schunk_svh_description/environment/path.dsv
-- Installing: /home/lab-pc/robot_hand_ws/install/schunk_svh_description/share/schunk_svh_description/local_setup.bash
-- Installing: /home/lab-pc/robot_hand_ws/install/schunk_svh_description/share/schunk_svh_description/local_setup.sh
-- Installing: /home/lab-pc/robot_hand_ws/install/schunk_svh_description/share/schunk_svh_description/local_setup.zsh
-- Installing: /home/lab-pc/robot_hand_ws/install/schunk_svh_description/share/schunk_svh_description/local_setup.dsv
-- Installing: /home/lab-pc/robot_hand_ws/install/schunk_svh_description/share/schunk_svh_description/package.dsv
-- Installing: /home/lab-pc/robot_hand_ws/install/schunk_svh_description/share/ament_index/resource_index/packages/schunk_svh_description
-- Installing: /home/lab-pc/robot_hand_ws/install/schunk_svh_description/share/schunk_svh_description/cmake/schunk_svh_descriptionConfig.cmake
-- Installing: /home/lab-pc/robot_hand_ws/install/schunk_svh_description/share/schunk_svh_description/cmake/schunk_svh_descriptionConfig-version.cmake
-- Installing: /home/lab-pc/robot_hand_ws/install/schunk_svh_description/share/schunk_svh_description/package.xml
