[0.028s] Invoking command in '/home/lab-pc/robot_hand_ws/build/schunk_svh_description': CMAKE_PREFIX_PATH=/home/lab-pc/robot_hand_ws/install/hand_robot_bringup:/home/lab-pc/robot_hand_ws/install/hand_py_pkg:/home/lab-pc/ros2_ws/install/my_py_pkg:/home/lab-pc/install/my_py_pkg:/opt/ros/foxy:/home/lab-pc/ros2_ws/install/schunk_svh_tests:/home/lab-pc/ros2_ws/install/schunk_svh_driver:/home/lab-pc/ros2_ws/install/schunk_svh_library:/home/lab-pc/ros2_ws/install/schunk_svh_description:/home/lab-pc/ros2_ws/install/robot_hand:/home/lab-pc/ros2_ws/install/my_robot_brigup:/home/lab-pc/ros2_ws/install/my_cpp_pkg:/home/lab-pc/ros2_ws/install/gz_snap_ros2_control_demos:/home/lab-pc/install/schunk_svh_tests:/home/lab-pc/install/schunk_svh_driver:/home/lab-pc/install/schunk_svh_library:/home/lab-pc/install/schunk_svh_description:/home/lab-pc/install/my_robot_brigup:/home/lab-pc/install/my_cpp_pkg /usr/bin/cmake /home/lab-pc/robot_hand_ws/src/schunk_svh_ros_driver/schunk_svh_description -DCMAKE_INSTALL_PREFIX=/home/lab-pc/robot_hand_ws/install/schunk_svh_description
[0.167s] -- The C compiler identification is GNU 9.4.0
[0.167s] -- The CXX compiler identification is GNU 9.4.0
[0.167s] -- Check for working C compiler: /usr/bin/cc
[0.167s] -- Check for working C compiler: /usr/bin/cc -- works
[0.167s] -- Detecting C compiler ABI info
[0.170s] -- Detecting C compiler ABI info - done
[0.176s] -- Detecting C compile features
[0.176s] -- Detecting C compile features - done
[0.178s] -- Check for working CXX compiler: /usr/bin/c++
[0.222s] -- Check for working CXX compiler: /usr/bin/c++ -- works
[0.223s] -- Detecting CXX compiler ABI info
[0.267s] -- Detecting CXX compiler ABI info - done
[0.276s] -- Detecting CXX compile features
[0.276s] -- Detecting CXX compile features - done
[0.278s] -- Found ament_cmake: 0.9.11 (/opt/ros/foxy/share/ament_cmake/cmake)
[0.295s] -- Found PythonInterp: /usr/bin/python3 (found suitable version "3.8.10", minimum required is "3") 
[0.295s] -- Using PYTHON_EXECUTABLE: /usr/bin/python3
[0.447s] -- Configuring done
[0.448s] -- Generating done
[0.449s] -- Build files have been written to: /home/lab-pc/robot_hand_ws/build/schunk_svh_description
[0.451s] Invoked command in '/home/lab-pc/robot_hand_ws/build/schunk_svh_description' returned '0': CMAKE_PREFIX_PATH=/home/lab-pc/robot_hand_ws/install/hand_robot_bringup:/home/lab-pc/robot_hand_ws/install/hand_py_pkg:/home/lab-pc/ros2_ws/install/my_py_pkg:/home/lab-pc/install/my_py_pkg:/opt/ros/foxy:/home/lab-pc/ros2_ws/install/schunk_svh_tests:/home/lab-pc/ros2_ws/install/schunk_svh_driver:/home/lab-pc/ros2_ws/install/schunk_svh_library:/home/lab-pc/ros2_ws/install/schunk_svh_description:/home/lab-pc/ros2_ws/install/robot_hand:/home/lab-pc/ros2_ws/install/my_robot_brigup:/home/lab-pc/ros2_ws/install/my_cpp_pkg:/home/lab-pc/ros2_ws/install/gz_snap_ros2_control_demos:/home/lab-pc/install/schunk_svh_tests:/home/lab-pc/install/schunk_svh_driver:/home/lab-pc/install/schunk_svh_library:/home/lab-pc/install/schunk_svh_description:/home/lab-pc/install/my_robot_brigup:/home/lab-pc/install/my_cpp_pkg /usr/bin/cmake /home/lab-pc/robot_hand_ws/src/schunk_svh_ros_driver/schunk_svh_description -DCMAKE_INSTALL_PREFIX=/home/lab-pc/robot_hand_ws/install/schunk_svh_description
[0.453s] Invoking command in '/home/lab-pc/robot_hand_ws/build/schunk_svh_description': CMAKE_PREFIX_PATH=/home/lab-pc/robot_hand_ws/install/hand_robot_bringup:/home/lab-pc/robot_hand_ws/install/hand_py_pkg:/home/lab-pc/ros2_ws/install/my_py_pkg:/home/lab-pc/install/my_py_pkg:/opt/ros/foxy:/home/lab-pc/ros2_ws/install/schunk_svh_tests:/home/lab-pc/ros2_ws/install/schunk_svh_driver:/home/lab-pc/ros2_ws/install/schunk_svh_library:/home/lab-pc/ros2_ws/install/schunk_svh_description:/home/lab-pc/ros2_ws/install/robot_hand:/home/lab-pc/ros2_ws/install/my_robot_brigup:/home/lab-pc/ros2_ws/install/my_cpp_pkg:/home/lab-pc/ros2_ws/install/gz_snap_ros2_control_demos:/home/lab-pc/install/schunk_svh_tests:/home/lab-pc/install/schunk_svh_driver:/home/lab-pc/install/schunk_svh_library:/home/lab-pc/install/schunk_svh_description:/home/lab-pc/install/my_robot_brigup:/home/lab-pc/install/my_cpp_pkg /usr/bin/cmake --build /home/lab-pc/robot_hand_ws/build/schunk_svh_description -- -j16 -l16
[0.474s] Invoked command in '/home/lab-pc/robot_hand_ws/build/schunk_svh_description' returned '0': CMAKE_PREFIX_PATH=/home/lab-pc/robot_hand_ws/install/hand_robot_bringup:/home/lab-pc/robot_hand_ws/install/hand_py_pkg:/home/lab-pc/ros2_ws/install/my_py_pkg:/home/lab-pc/install/my_py_pkg:/opt/ros/foxy:/home/lab-pc/ros2_ws/install/schunk_svh_tests:/home/lab-pc/ros2_ws/install/schunk_svh_driver:/home/lab-pc/ros2_ws/install/schunk_svh_library:/home/lab-pc/ros2_ws/install/schunk_svh_description:/home/lab-pc/ros2_ws/install/robot_hand:/home/lab-pc/ros2_ws/install/my_robot_brigup:/home/lab-pc/ros2_ws/install/my_cpp_pkg:/home/lab-pc/ros2_ws/install/gz_snap_ros2_control_demos:/home/lab-pc/install/schunk_svh_tests:/home/lab-pc/install/schunk_svh_driver:/home/lab-pc/install/schunk_svh_library:/home/lab-pc/install/schunk_svh_description:/home/lab-pc/install/my_robot_brigup:/home/lab-pc/install/my_cpp_pkg /usr/bin/cmake --build /home/lab-pc/robot_hand_ws/build/schunk_svh_description -- -j16 -l16
[0.489s] Invoking command in '/home/lab-pc/robot_hand_ws/build/schunk_svh_description': CMAKE_PREFIX_PATH=/home/lab-pc/robot_hand_ws/install/hand_robot_bringup:/home/lab-pc/robot_hand_ws/install/hand_py_pkg:/home/lab-pc/ros2_ws/install/my_py_pkg:/home/lab-pc/install/my_py_pkg:/opt/ros/foxy:/home/lab-pc/ros2_ws/install/schunk_svh_tests:/home/lab-pc/ros2_ws/install/schunk_svh_driver:/home/lab-pc/ros2_ws/install/schunk_svh_library:/home/lab-pc/ros2_ws/install/schunk_svh_description:/home/lab-pc/ros2_ws/install/robot_hand:/home/lab-pc/ros2_ws/install/my_robot_brigup:/home/lab-pc/ros2_ws/install/my_cpp_pkg:/home/lab-pc/ros2_ws/install/gz_snap_ros2_control_demos:/home/lab-pc/install/schunk_svh_tests:/home/lab-pc/install/schunk_svh_driver:/home/lab-pc/install/schunk_svh_library:/home/lab-pc/install/schunk_svh_description:/home/lab-pc/install/my_robot_brigup:/home/lab-pc/install/my_cpp_pkg /usr/bin/cmake --install /home/lab-pc/robot_hand_ws/build/schunk_svh_description
[0.496s] -- Install configuration: ""
[0.496s] -- Installing: /home/lab-pc/robot_hand_ws/install/schunk_svh_description/share/schunk_svh_description/meshes
[0.496s] -- Installing: /home/lab-pc/robot_hand_ws/install/schunk_svh_description/share/schunk_svh_description/meshes/d11.dae
[0.496s] -- Installing: /home/lab-pc/robot_hand_ws/install/schunk_svh_description/share/schunk_svh_description/meshes/f31.dae
[0.496s] -- Installing: /home/lab-pc/robot_hand_ws/install/schunk_svh_description/share/schunk_svh_description/meshes/base10.dae
[0.496s] -- Installing: /home/lab-pc/robot_hand_ws/install/schunk_svh_description/share/schunk_svh_description/meshes/f21.dae
[0.496s] -- Installing: /home/lab-pc/robot_hand_ws/install/schunk_svh_description/share/schunk_svh_description/meshes/materials.daelib
[0.496s] -- Installing: /home/lab-pc/robot_hand_ws/install/schunk_svh_description/share/schunk_svh_description/meshes/f41.dae
[0.496s] -- Installing: /home/lab-pc/robot_hand_ws/install/schunk_svh_description/share/schunk_svh_description/meshes/f30.dae
[0.496s] -- Installing: /home/lab-pc/robot_hand_ws/install/schunk_svh_description/share/schunk_svh_description/meshes/f10.dae
[0.496s] -- Installing: /home/lab-pc/robot_hand_ws/install/schunk_svh_description/share/schunk_svh_description/meshes/replace_effects.sed
[0.497s] -- Installing: /home/lab-pc/robot_hand_ws/install/schunk_svh_description/share/schunk_svh_description/meshes/f20.dae
[0.497s] -- Installing: /home/lab-pc/robot_hand_ws/install/schunk_svh_description/share/schunk_svh_description/meshes/d13.dae
[0.497s] -- Installing: /home/lab-pc/robot_hand_ws/install/schunk_svh_description/share/schunk_svh_description/meshes/f33.dae
[0.497s] -- Installing: /home/lab-pc/robot_hand_ws/install/schunk_svh_description/share/schunk_svh_description/meshes/f40.dae
[0.497s] -- Installing: /home/lab-pc/robot_hand_ws/install/schunk_svh_description/share/schunk_svh_description/meshes/d12.dae
[0.497s] -- Installing: /home/lab-pc/robot_hand_ws/install/schunk_svh_description/share/schunk_svh_description/meshes/h10.dae
[0.497s] -- Installing: /home/lab-pc/robot_hand_ws/install/schunk_svh_description/share/schunk_svh_description/meshes/d10.dae
[0.497s] -- Installing: /home/lab-pc/robot_hand_ws/install/schunk_svh_description/share/schunk_svh_description/meshes/f22.dae
[0.497s] -- Installing: /home/lab-pc/robot_hand_ws/install/schunk_svh_description/share/schunk_svh_description/meshes/f13.dae
[0.497s] -- Installing: /home/lab-pc/robot_hand_ws/install/schunk_svh_description/share/schunk_svh_description/meshes/f43.dae
[0.497s] -- Installing: /home/lab-pc/robot_hand_ws/install/schunk_svh_description/share/schunk_svh_description/meshes/h11.dae
[0.497s] -- Installing: /home/lab-pc/robot_hand_ws/install/schunk_svh_description/share/schunk_svh_description/meshes/f12.dae
[0.498s] -- Installing: /home/lab-pc/robot_hand_ws/install/schunk_svh_description/share/schunk_svh_description/meshes/f11.dae
[0.498s] -- Installing: /home/lab-pc/robot_hand_ws/install/schunk_svh_description/share/schunk_svh_description/meshes/f23.dae
[0.498s] -- Installing: /home/lab-pc/robot_hand_ws/install/schunk_svh_description/share/schunk_svh_description/meshes/f42.dae
[0.498s] -- Installing: /home/lab-pc/robot_hand_ws/install/schunk_svh_description/share/schunk_svh_description/meshes/f32.dae
[0.498s] -- Installing: /home/lab-pc/robot_hand_ws/install/schunk_svh_description/share/schunk_svh_description/urdf
[0.498s] -- Installing: /home/lab-pc/robot_hand_ws/install/schunk_svh_description/share/schunk_svh_description/urdf/svh.transmission.xacro
[0.498s] -- Installing: /home/lab-pc/robot_hand_ws/install/schunk_svh_description/share/schunk_svh_description/urdf/svh.urdf.xacro
[0.498s] -- Installing: /home/lab-pc/robot_hand_ws/install/schunk_svh_description/share/schunk_svh_description/urdf/svh-standalone.srdf
[0.498s] -- Installing: /home/lab-pc/robot_hand_ws/install/schunk_svh_description/share/schunk_svh_description/urdf/svh.gazebo.xacro
[0.498s] -- Installing: /home/lab-pc/robot_hand_ws/install/schunk_svh_description/share/schunk_svh_description/urdf/common.xacro
[0.498s] -- Installing: /home/lab-pc/robot_hand_ws/install/schunk_svh_description/share/schunk_svh_description/urdf/svh-standalone.urdf.xacro
[0.498s] -- Installing: /home/lab-pc/robot_hand_ws/install/schunk_svh_description/share/ament_index/resource_index/package_run_dependencies/schunk_svh_description
[0.499s] -- Installing: /home/lab-pc/robot_hand_ws/install/schunk_svh_description/share/ament_index/resource_index/parent_prefix_path/schunk_svh_description
[0.499s] -- Installing: /home/lab-pc/robot_hand_ws/install/schunk_svh_description/share/schunk_svh_description/environment/ament_prefix_path.sh
[0.499s] -- Installing: /home/lab-pc/robot_hand_ws/install/schunk_svh_description/share/schunk_svh_description/environment/ament_prefix_path.dsv
[0.499s] -- Installing: /home/lab-pc/robot_hand_ws/install/schunk_svh_description/share/schunk_svh_description/environment/path.sh
[0.499s] -- Installing: /home/lab-pc/robot_hand_ws/install/schunk_svh_description/share/schunk_svh_description/environment/path.dsv
[0.499s] -- Installing: /home/lab-pc/robot_hand_ws/install/schunk_svh_description/share/schunk_svh_description/local_setup.bash
[0.499s] -- Installing: /home/lab-pc/robot_hand_ws/install/schunk_svh_description/share/schunk_svh_description/local_setup.sh
[0.499s] -- Installing: /home/lab-pc/robot_hand_ws/install/schunk_svh_description/share/schunk_svh_description/local_setup.zsh
[0.499s] -- Installing: /home/lab-pc/robot_hand_ws/install/schunk_svh_description/share/schunk_svh_description/local_setup.dsv
[0.500s] -- Installing: /home/lab-pc/robot_hand_ws/install/schunk_svh_description/share/schunk_svh_description/package.dsv
[0.500s] -- Installing: /home/lab-pc/robot_hand_ws/install/schunk_svh_description/share/ament_index/resource_index/packages/schunk_svh_description
[0.500s] -- Installing: /home/lab-pc/robot_hand_ws/install/schunk_svh_description/share/schunk_svh_description/cmake/schunk_svh_descriptionConfig.cmake
[0.500s] -- Installing: /home/lab-pc/robot_hand_ws/install/schunk_svh_description/share/schunk_svh_description/cmake/schunk_svh_descriptionConfig-version.cmake
[0.500s] -- Installing: /home/lab-pc/robot_hand_ws/install/schunk_svh_description/share/schunk_svh_description/package.xml
[0.504s] Invoked command in '/home/lab-pc/robot_hand_ws/build/schunk_svh_description' returned '0': CMAKE_PREFIX_PATH=/home/lab-pc/robot_hand_ws/install/hand_robot_bringup:/home/lab-pc/robot_hand_ws/install/hand_py_pkg:/home/lab-pc/ros2_ws/install/my_py_pkg:/home/lab-pc/install/my_py_pkg:/opt/ros/foxy:/home/lab-pc/ros2_ws/install/schunk_svh_tests:/home/lab-pc/ros2_ws/install/schunk_svh_driver:/home/lab-pc/ros2_ws/install/schunk_svh_library:/home/lab-pc/ros2_ws/install/schunk_svh_description:/home/lab-pc/ros2_ws/install/robot_hand:/home/lab-pc/ros2_ws/install/my_robot_brigup:/home/lab-pc/ros2_ws/install/my_cpp_pkg:/home/lab-pc/ros2_ws/install/gz_snap_ros2_control_demos:/home/lab-pc/install/schunk_svh_tests:/home/lab-pc/install/schunk_svh_driver:/home/lab-pc/install/schunk_svh_library:/home/lab-pc/install/schunk_svh_description:/home/lab-pc/install/my_robot_brigup:/home/lab-pc/install/my_cpp_pkg /usr/bin/cmake --install /home/lab-pc/robot_hand_ws/build/schunk_svh_description
