-- The C compiler identification is GNU 9.4.0
-- The CXX compiler identification is GNU 9.4.0
-- Check for working C compiler: /usr/bin/cc
-- Check for working C compiler: /usr/bin/cc -- works
-- Detecting C compiler ABI info
-- Detecting C compiler ABI info - done
-- Detecting C compile features
-- Detecting C compile features - done
-- Check for working CXX compiler: /usr/bin/c++
-- Check for working CXX compiler: /usr/bin/c++ -- works
-- Detecting CXX compiler ABI info
-- Detecting CXX compiler ABI info - done
-- Detecting CXX compile features
-- Detecting CXX compile features - done
-- Looking for pthread.h
-- Looking for pthread.h - found
-- Performing Test CMAKE_HAVE_LIBC_PTHREAD
-- Performing Test CMAKE_HAVE_LIBC_PTHREAD - Failed
-- Looking for pthread_create in pthreads
-- Looking for pthread_create in pthreads - not found
-- Looking for pthread_create in pthread
-- Looking for pthread_create in pthread - found
-- Found Threads: TRUE  
-- Found Boost: /usr/lib/x86_64-linux-gnu/cmake/Boost-1.71.0/BoostConfig.cmake (found version "1.71.0") found components: unit_test_framework 
-- Configuring done
-- Generating done
-- Build files have been written to: /home/lab-pc/robot_hand_ws/build/schunk_svh_library
[35m[1mScanning dependencies of target svh-serial[0m
[ 13%] [32mBuilding CXX object CMakeFiles/svh-serial.dir/src/serial/Serial.cpp.o[0m
[ 13%] [32mBuilding CXX object CMakeFiles/svh-serial.dir/src/serial/ByteOrderConversion.cpp.o[0m
[ 13%] [32mBuilding CXX object CMakeFiles/svh-serial.dir/src/serial/SVHReceiveThread.cpp.o[0m
[ 21%] [32mBuilding CXX object CMakeFiles/svh-serial.dir/src/LogHandler.cpp.o[0m
[ 21%] [32mBuilding CXX object CMakeFiles/svh-serial.dir/src/serial/SVHSerialInterface.cpp.o[0m
[ 26%] [32mBuilding CXX object CMakeFiles/svh-serial.dir/src/serial/SerialFlags.cpp.o[0m
[ 30%] [32mBuilding CXX object CMakeFiles/svh-serial.dir/src/serial/SVHSerialPacket.cpp.o[0m
[ 34%] [32m[1mLinking CXX shared library libsvh-serial.so[0m
[ 34%] Built target svh-serial
[35m[1mScanning dependencies of target svh-library[0m
[35m[1mScanning dependencies of target test_svh_send_feedback_packet[0m
[35m[1mScanning dependencies of target test_svh_send_packet[0m
[ 43%] [32mBuilding CXX object CMakeFiles/test_svh_send_feedback_packet.dir/test/serial_interface/SVHSendFeedbackPacketTest.cpp.o[0m
[ 43%] [32mBuilding CXX object CMakeFiles/test_svh_send_packet.dir/test/serial_interface/SVHSendPacketTest.cpp.o[0m
[ 47%] [32mBuilding CXX object CMakeFiles/svh-library.dir/src/control/SVHController.cpp.o[0m
[ 52%] [32mBuilding CXX object CMakeFiles/svh-library.dir/src/control/SVHFingerManager.cpp.o[0m
[ 56%] [32m[1mLinking CXX executable test_svh_send_packet[0m
[ 56%] Built target test_svh_send_packet
[ 60%] [32m[1mLinking CXX executable test_svh_send_feedback_packet[0m
[ 60%] Built target test_svh_send_feedback_packet
[ 65%] [32m[1mLinking CXX shared library libsvh-library.so[0m
[ 65%] Built target svh-library
[35m[1mScanning dependencies of target test_svh_finger_manager[0m
[35m[1mScanning dependencies of target test_svh_controller_init_send[0m
[35m[1mScanning dependencies of target test_driver_svh[0m
[ 82%] [32mBuilding CXX object CMakeFiles/test_driver_svh.dir/test/driver_svh/MainTest.cpp.o[0m
[ 82%] [32mBuilding CXX object CMakeFiles/test_driver_svh.dir/test/driver_svh/ByteOrderConversionTest.cpp.o[0m
[ 82%] [32mBuilding CXX object CMakeFiles/test_svh_controller_init_send.dir/test/serial_interface/SVHControllerInitSendTest.cpp.o[0m
[ 86%] [32mBuilding CXX object CMakeFiles/test_svh_finger_manager.dir/test/serial_interface/SVHFingerManagerTest.cpp.o[0m
[ 86%] [32mBuilding CXX object CMakeFiles/test_driver_svh.dir/test/driver_svh/SVHDriverTest.cpp.o[0m
[ 91%] [32m[1mLinking CXX executable test_svh_finger_manager[0m
[ 95%] [32m[1mLinking CXX executable test_svh_controller_init_send[0m
[ 95%] Built target test_svh_finger_manager
[ 95%] Built target test_svh_controller_init_send
[100%] [32m[1mLinking CXX executable test_driver_svh[0m
[100%] Built target test_driver_svh
-- Install configuration: ""
-- Installing: /home/lab-pc/robot_hand_ws/install/schunk_svh_library/lib/libsvh-library.so
-- Set runtime path of "/home/lab-pc/robot_hand_ws/install/schunk_svh_library/lib/libsvh-library.so" to "/home/lab-pc/robot_hand_ws/install/schunk_svh_library/lib"
-- Installing: /home/lab-pc/robot_hand_ws/install/schunk_svh_library/lib/libsvh-serial.so
-- Set runtime path of "/home/lab-pc/robot_hand_ws/install/schunk_svh_library/lib/libsvh-serial.so" to "/home/lab-pc/robot_hand_ws/install/schunk_svh_library/lib"
-- Installing: /home/lab-pc/robot_hand_ws/install/schunk_svh_library/lib/cmake/schunk_svh_library/schunk_svh_libraryTargets.cmake
-- Installing: /home/lab-pc/robot_hand_ws/install/schunk_svh_library/lib/cmake/schunk_svh_library/schunk_svh_libraryTargets-noconfig.cmake
-- Installing: /home/lab-pc/robot_hand_ws/install/schunk_svh_library/lib/cmake/schunk_svh_library/schunk_svh_libraryConfig.cmake
-- Installing: /home/lab-pc/robot_hand_ws/install/schunk_svh_library/include/schunk_svh_library
-- Installing: /home/lab-pc/robot_hand_ws/install/schunk_svh_library/include/schunk_svh_library/serial
-- Installing: /home/lab-pc/robot_hand_ws/install/schunk_svh_library/include/schunk_svh_library/serial/Serial.h
-- Installing: /home/lab-pc/robot_hand_ws/install/schunk_svh_library/include/schunk_svh_library/serial/SVHSerialPacket.h
-- Installing: /home/lab-pc/robot_hand_ws/install/schunk_svh_library/include/schunk_svh_library/serial/SVHSerialInterface.h
-- Installing: /home/lab-pc/robot_hand_ws/install/schunk_svh_library/include/schunk_svh_library/serial/SerialFlags.h
-- Installing: /home/lab-pc/robot_hand_ws/install/schunk_svh_library/include/schunk_svh_library/serial/SVHReceiveThread.h
-- Installing: /home/lab-pc/robot_hand_ws/install/schunk_svh_library/include/schunk_svh_library/serial/ByteOrderConversion.h
-- Installing: /home/lab-pc/robot_hand_ws/install/schunk_svh_library/include/schunk_svh_library/SVHFirmwareInfo.h
-- Installing: /home/lab-pc/robot_hand_ws/install/schunk_svh_library/include/schunk_svh_library/ImportExport.h
-- Installing: /home/lab-pc/robot_hand_ws/install/schunk_svh_library/include/schunk_svh_library/LogHandler.h
-- Installing: /home/lab-pc/robot_hand_ws/install/schunk_svh_library/include/schunk_svh_library/Logger.h
-- Installing: /home/lab-pc/robot_hand_ws/install/schunk_svh_library/include/schunk_svh_library/control
-- Installing: /home/lab-pc/robot_hand_ws/install/schunk_svh_library/include/schunk_svh_library/control/SVHFingerManager.h
-- Installing: /home/lab-pc/robot_hand_ws/install/schunk_svh_library/include/schunk_svh_library/control/SVHControllerState.h
-- Installing: /home/lab-pc/robot_hand_ws/install/schunk_svh_library/include/schunk_svh_library/control/SVHEncoderSettings.h
-- Installing: /home/lab-pc/robot_hand_ws/install/schunk_svh_library/include/schunk_svh_library/control/SVHCurrentSettings.h
-- Installing: /home/lab-pc/robot_hand_ws/install/schunk_svh_library/include/schunk_svh_library/control/SVHControlCommand.h
-- Installing: /home/lab-pc/robot_hand_ws/install/schunk_svh_library/include/schunk_svh_library/control/SVHHomeSettings.h
-- Installing: /home/lab-pc/robot_hand_ws/install/schunk_svh_library/include/schunk_svh_library/control/SVHController.h
-- Installing: /home/lab-pc/robot_hand_ws/install/schunk_svh_library/include/schunk_svh_library/control/SVHPositionSettings.h
-- Installing: /home/lab-pc/robot_hand_ws/install/schunk_svh_library/include/schunk_svh_library/control/SVHControllerFeedback.h
-- Installing: /home/lab-pc/robot_hand_ws/install/schunk_svh_library/include/schunk_svh_library/LogLevel.h
-- Installing: /home/lab-pc/robot_hand_ws/install/schunk_svh_library/share/ament_index/resource_index/packages/schunk_svh_library
-- Installing: /home/lab-pc/robot_hand_ws/install/schunk_svh_library/share/schunk_svh_library/hook/ament_prefix_path.dsv
-- Installing: /home/lab-pc/robot_hand_ws/install/schunk_svh_library/share/schunk_svh_library/hook/ros_package_path.dsv
