[0.023s] Invoking command in '/home/lab-pc/robot_hand_ws/build/schunk_svh_library': CMAKE_PREFIX_PATH=/home/lab-pc/robot_hand_ws/install/hand_robot_bringup:/home/lab-pc/robot_hand_ws/install/hand_py_pkg:/home/lab-pc/ros2_ws/install/my_py_pkg:/home/lab-pc/install/my_py_pkg:/opt/ros/foxy:/home/lab-pc/ros2_ws/install/schunk_svh_tests:/home/lab-pc/ros2_ws/install/schunk_svh_driver:/home/lab-pc/ros2_ws/install/schunk_svh_library:/home/lab-pc/ros2_ws/install/schunk_svh_description:/home/lab-pc/ros2_ws/install/robot_hand:/home/lab-pc/ros2_ws/install/my_robot_brigup:/home/lab-pc/ros2_ws/install/my_cpp_pkg:/home/lab-pc/ros2_ws/install/gz_snap_ros2_control_demos:/home/lab-pc/install/schunk_svh_tests:/home/lab-pc/install/schunk_svh_driver:/home/lab-pc/install/schunk_svh_library:/home/lab-pc/install/schunk_svh_description:/home/lab-pc/install/my_robot_brigup:/home/lab-pc/install/my_cpp_pkg /usr/bin/cmake /home/lab-pc/robot_hand_ws/src/schunk_svh_library -DCMAKE_INSTALL_PREFIX=/home/lab-pc/robot_hand_ws/install/schunk_svh_library
[0.161s] -- The C compiler identification is GNU 9.4.0
[0.161s] -- The CXX compiler identification is GNU 9.4.0
[0.161s] -- Check for working C compiler: /usr/bin/cc
[0.161s] -- Check for working C compiler: /usr/bin/cc -- works
[0.161s] -- Detecting C compiler ABI info
[0.163s] -- Detecting C compiler ABI info - done
[0.173s] -- Detecting C compile features
[0.173s] -- Detecting C compile features - done
[0.174s] -- Check for working CXX compiler: /usr/bin/c++
[0.218s] -- Check for working CXX compiler: /usr/bin/c++ -- works
[0.219s] -- Detecting CXX compiler ABI info
[0.262s] -- Detecting CXX compiler ABI info - done
[0.273s] -- Detecting CXX compile features
[0.274s] -- Detecting CXX compile features - done
[0.275s] -- Looking for pthread.h
[0.319s] -- Looking for pthread.h - found
[0.319s] -- Performing Test CMAKE_HAVE_LIBC_PTHREAD
[0.359s] -- Performing Test CMAKE_HAVE_LIBC_PTHREAD - Failed
[0.359s] -- Looking for pthread_create in pthreads
[0.393s] -- Looking for pthread_create in pthreads - not found
[0.393s] -- Looking for pthread_create in pthread
[0.432s] -- Looking for pthread_create in pthread - found
[0.432s] -- Found Threads: TRUE  
[0.443s] -- Found Boost: /usr/lib/x86_64-linux-gnu/cmake/Boost-1.71.0/BoostConfig.cmake (found version "1.71.0") found components: unit_test_framework 
[0.446s] -- Configuring done
[0.451s] -- Generating done
[0.451s] -- Build files have been written to: /home/lab-pc/robot_hand_ws/build/schunk_svh_library
[0.453s] Invoked command in '/home/lab-pc/robot_hand_ws/build/schunk_svh_library' returned '0': CMAKE_PREFIX_PATH=/home/lab-pc/robot_hand_ws/install/hand_robot_bringup:/home/lab-pc/robot_hand_ws/install/hand_py_pkg:/home/lab-pc/ros2_ws/install/my_py_pkg:/home/lab-pc/install/my_py_pkg:/opt/ros/foxy:/home/lab-pc/ros2_ws/install/schunk_svh_tests:/home/lab-pc/ros2_ws/install/schunk_svh_driver:/home/lab-pc/ros2_ws/install/schunk_svh_library:/home/lab-pc/ros2_ws/install/schunk_svh_description:/home/lab-pc/ros2_ws/install/robot_hand:/home/lab-pc/ros2_ws/install/my_robot_brigup:/home/lab-pc/ros2_ws/install/my_cpp_pkg:/home/lab-pc/ros2_ws/install/gz_snap_ros2_control_demos:/home/lab-pc/install/schunk_svh_tests:/home/lab-pc/install/schunk_svh_driver:/home/lab-pc/install/schunk_svh_library:/home/lab-pc/install/schunk_svh_description:/home/lab-pc/install/my_robot_brigup:/home/lab-pc/install/my_cpp_pkg /usr/bin/cmake /home/lab-pc/robot_hand_ws/src/schunk_svh_library -DCMAKE_INSTALL_PREFIX=/home/lab-pc/robot_hand_ws/install/schunk_svh_library
[0.455s] Invoking command in '/home/lab-pc/robot_hand_ws/build/schunk_svh_library': CMAKE_PREFIX_PATH=/home/lab-pc/robot_hand_ws/install/hand_robot_bringup:/home/lab-pc/robot_hand_ws/install/hand_py_pkg:/home/lab-pc/ros2_ws/install/my_py_pkg:/home/lab-pc/install/my_py_pkg:/opt/ros/foxy:/home/lab-pc/ros2_ws/install/schunk_svh_tests:/home/lab-pc/ros2_ws/install/schunk_svh_driver:/home/lab-pc/ros2_ws/install/schunk_svh_library:/home/lab-pc/ros2_ws/install/schunk_svh_description:/home/lab-pc/ros2_ws/install/robot_hand:/home/lab-pc/ros2_ws/install/my_robot_brigup:/home/lab-pc/ros2_ws/install/my_cpp_pkg:/home/lab-pc/ros2_ws/install/gz_snap_ros2_control_demos:/home/lab-pc/install/schunk_svh_tests:/home/lab-pc/install/schunk_svh_driver:/home/lab-pc/install/schunk_svh_library:/home/lab-pc/install/schunk_svh_description:/home/lab-pc/install/my_robot_brigup:/home/lab-pc/install/my_cpp_pkg /usr/bin/cmake --build /home/lab-pc/robot_hand_ws/build/schunk_svh_library -- -j16 -l16
[0.476s] [35m[1mScanning dependencies of target svh-serial[0m
[0.483s] [ 13%] [32mBuilding CXX object CMakeFiles/svh-serial.dir/src/serial/Serial.cpp.o[0m
[0.483s] [ 13%] [32mBuilding CXX object CMakeFiles/svh-serial.dir/src/serial/ByteOrderConversion.cpp.o[0m
[0.483s] [ 13%] [32mBuilding CXX object CMakeFiles/svh-serial.dir/src/serial/SVHReceiveThread.cpp.o[0m
[0.483s] [ 21%] [32mBuilding CXX object CMakeFiles/svh-serial.dir/src/LogHandler.cpp.o[0m
[0.483s] [ 21%] [32mBuilding CXX object CMakeFiles/svh-serial.dir/src/serial/SVHSerialInterface.cpp.o[0m
[0.484s] [ 26%] [32mBuilding CXX object CMakeFiles/svh-serial.dir/src/serial/SerialFlags.cpp.o[0m
[0.484s] [ 30%] [32mBuilding CXX object CMakeFiles/svh-serial.dir/src/serial/SVHSerialPacket.cpp.o[0m
[0.936s] [ 34%] [32m[1mLinking CXX shared library libsvh-serial.so[0m
[0.981s] [ 34%] Built target svh-serial
[0.987s] [35m[1mScanning dependencies of target svh-library[0m
[0.987s] [35m[1mScanning dependencies of target test_svh_send_feedback_packet[0m
[0.987s] [35m[1mScanning dependencies of target test_svh_send_packet[0m
[0.994s] [ 43%] [32mBuilding CXX object CMakeFiles/test_svh_send_feedback_packet.dir/test/serial_interface/SVHSendFeedbackPacketTest.cpp.o[0m
[0.994s] [ 43%] [32mBuilding CXX object CMakeFiles/test_svh_send_packet.dir/test/serial_interface/SVHSendPacketTest.cpp.o[0m
[0.994s] [ 47%] [32mBuilding CXX object CMakeFiles/svh-library.dir/src/control/SVHController.cpp.o[0m
[0.994s] [ 52%] [32mBuilding CXX object CMakeFiles/svh-library.dir/src/control/SVHFingerManager.cpp.o[0m
[1.282s] [ 56%] [32m[1mLinking CXX executable test_svh_send_packet[0m
[1.324s] [ 56%] Built target test_svh_send_packet
[1.354s] [ 60%] [32m[1mLinking CXX executable test_svh_send_feedback_packet[0m
[1.396s] [ 60%] Built target test_svh_send_feedback_packet
[1.687s] [ 65%] [32m[1mLinking CXX shared library libsvh-library.so[0m
[1.740s] [ 65%] Built target svh-library
[1.746s] [35m[1mScanning dependencies of target test_svh_finger_manager[0m
[1.746s] [35m[1mScanning dependencies of target test_svh_controller_init_send[0m
[1.746s] [35m[1mScanning dependencies of target test_driver_svh[0m
[1.753s] [ 82%] [32mBuilding CXX object CMakeFiles/test_driver_svh.dir/test/driver_svh/MainTest.cpp.o[0m
[1.753s] [ 82%] [32mBuilding CXX object CMakeFiles/test_driver_svh.dir/test/driver_svh/ByteOrderConversionTest.cpp.o[0m
[1.753s] [ 82%] [32mBuilding CXX object CMakeFiles/test_svh_controller_init_send.dir/test/serial_interface/SVHControllerInitSendTest.cpp.o[0m
[1.753s] [ 86%] [32mBuilding CXX object CMakeFiles/test_svh_finger_manager.dir/test/serial_interface/SVHFingerManagerTest.cpp.o[0m
[1.753s] [ 86%] [32mBuilding CXX object CMakeFiles/test_driver_svh.dir/test/driver_svh/SVHDriverTest.cpp.o[0m
[2.097s] [ 91%] [32m[1mLinking CXX executable test_svh_finger_manager[0m
[2.108s] [ 95%] [32m[1mLinking CXX executable test_svh_controller_init_send[0m
[2.145s] [ 95%] Built target test_svh_finger_manager
[2.156s] [ 95%] Built target test_svh_controller_init_send
[2.612s] [100%] [32m[1mLinking CXX executable test_driver_svh[0m
[2.663s] [100%] Built target test_driver_svh
[2.669s] Invoked command in '/home/lab-pc/robot_hand_ws/build/schunk_svh_library' returned '0': CMAKE_PREFIX_PATH=/home/lab-pc/robot_hand_ws/install/hand_robot_bringup:/home/lab-pc/robot_hand_ws/install/hand_py_pkg:/home/lab-pc/ros2_ws/install/my_py_pkg:/home/lab-pc/install/my_py_pkg:/opt/ros/foxy:/home/lab-pc/ros2_ws/install/schunk_svh_tests:/home/lab-pc/ros2_ws/install/schunk_svh_driver:/home/lab-pc/ros2_ws/install/schunk_svh_library:/home/lab-pc/ros2_ws/install/schunk_svh_description:/home/lab-pc/ros2_ws/install/robot_hand:/home/lab-pc/ros2_ws/install/my_robot_brigup:/home/lab-pc/ros2_ws/install/my_cpp_pkg:/home/lab-pc/ros2_ws/install/gz_snap_ros2_control_demos:/home/lab-pc/install/schunk_svh_tests:/home/lab-pc/install/schunk_svh_driver:/home/lab-pc/install/schunk_svh_library:/home/lab-pc/install/schunk_svh_description:/home/lab-pc/install/my_robot_brigup:/home/lab-pc/install/my_cpp_pkg /usr/bin/cmake --build /home/lab-pc/robot_hand_ws/build/schunk_svh_library -- -j16 -l16
[2.699s] Invoking command in '/home/lab-pc/robot_hand_ws/build/schunk_svh_library': CMAKE_PREFIX_PATH=/home/lab-pc/robot_hand_ws/install/hand_robot_bringup:/home/lab-pc/robot_hand_ws/install/hand_py_pkg:/home/lab-pc/ros2_ws/install/my_py_pkg:/home/lab-pc/install/my_py_pkg:/opt/ros/foxy:/home/lab-pc/ros2_ws/install/schunk_svh_tests:/home/lab-pc/ros2_ws/install/schunk_svh_driver:/home/lab-pc/ros2_ws/install/schunk_svh_library:/home/lab-pc/ros2_ws/install/schunk_svh_description:/home/lab-pc/ros2_ws/install/robot_hand:/home/lab-pc/ros2_ws/install/my_robot_brigup:/home/lab-pc/ros2_ws/install/my_cpp_pkg:/home/lab-pc/ros2_ws/install/gz_snap_ros2_control_demos:/home/lab-pc/install/schunk_svh_tests:/home/lab-pc/install/schunk_svh_driver:/home/lab-pc/install/schunk_svh_library:/home/lab-pc/install/schunk_svh_description:/home/lab-pc/install/my_robot_brigup:/home/lab-pc/install/my_cpp_pkg /usr/bin/cmake --install /home/lab-pc/robot_hand_ws/build/schunk_svh_library
[2.703s] -- Install configuration: ""
[2.704s] -- Installing: /home/lab-pc/robot_hand_ws/install/schunk_svh_library/lib/libsvh-library.so
[2.704s] -- Set runtime path of "/home/lab-pc/robot_hand_ws/install/schunk_svh_library/lib/libsvh-library.so" to "/home/lab-pc/robot_hand_ws/install/schunk_svh_library/lib"
[2.704s] -- Installing: /home/lab-pc/robot_hand_ws/install/schunk_svh_library/lib/libsvh-serial.so
[2.704s] -- Set runtime path of "/home/lab-pc/robot_hand_ws/install/schunk_svh_library/lib/libsvh-serial.so" to "/home/lab-pc/robot_hand_ws/install/schunk_svh_library/lib"
[2.704s] -- Installing: /home/lab-pc/robot_hand_ws/install/schunk_svh_library/lib/cmake/schunk_svh_library/schunk_svh_libraryTargets.cmake
[2.704s] -- Installing: /home/lab-pc/robot_hand_ws/install/schunk_svh_library/lib/cmake/schunk_svh_library/schunk_svh_libraryTargets-noconfig.cmake
[2.704s] -- Installing: /home/lab-pc/robot_hand_ws/install/schunk_svh_library/lib/cmake/schunk_svh_library/schunk_svh_libraryConfig.cmake
[2.704s] -- Installing: /home/lab-pc/robot_hand_ws/install/schunk_svh_library/include/schunk_svh_library
[2.705s] -- Installing: /home/lab-pc/robot_hand_ws/install/schunk_svh_library/include/schunk_svh_library/serial
[2.705s] -- Installing: /home/lab-pc/robot_hand_ws/install/schunk_svh_library/include/schunk_svh_library/serial/Serial.h
[2.705s] -- Installing: /home/lab-pc/robot_hand_ws/install/schunk_svh_library/include/schunk_svh_library/serial/SVHSerialPacket.h
[2.705s] -- Installing: /home/lab-pc/robot_hand_ws/install/schunk_svh_library/include/schunk_svh_library/serial/SVHSerialInterface.h
[2.705s] -- Installing: /home/lab-pc/robot_hand_ws/install/schunk_svh_library/include/schunk_svh_library/serial/SerialFlags.h
[2.705s] -- Installing: /home/lab-pc/robot_hand_ws/install/schunk_svh_library/include/schunk_svh_library/serial/SVHReceiveThread.h
[2.705s] -- Installing: /home/lab-pc/robot_hand_ws/install/schunk_svh_library/include/schunk_svh_library/serial/ByteOrderConversion.h
[2.705s] -- Installing: /home/lab-pc/robot_hand_ws/install/schunk_svh_library/include/schunk_svh_library/SVHFirmwareInfo.h
[2.705s] -- Installing: /home/lab-pc/robot_hand_ws/install/schunk_svh_library/include/schunk_svh_library/ImportExport.h
[2.705s] -- Installing: /home/lab-pc/robot_hand_ws/install/schunk_svh_library/include/schunk_svh_library/LogHandler.h
[2.705s] -- Installing: /home/lab-pc/robot_hand_ws/install/schunk_svh_library/include/schunk_svh_library/Logger.h
[2.705s] -- Installing: /home/lab-pc/robot_hand_ws/install/schunk_svh_library/include/schunk_svh_library/control
[2.705s] -- Installing: /home/lab-pc/robot_hand_ws/install/schunk_svh_library/include/schunk_svh_library/control/SVHFingerManager.h
[2.705s] -- Installing: /home/lab-pc/robot_hand_ws/install/schunk_svh_library/include/schunk_svh_library/control/SVHControllerState.h
[2.705s] -- Installing: /home/lab-pc/robot_hand_ws/install/schunk_svh_library/include/schunk_svh_library/control/SVHEncoderSettings.h
[2.705s] -- Installing: /home/lab-pc/robot_hand_ws/install/schunk_svh_library/include/schunk_svh_library/control/SVHCurrentSettings.h
[2.705s] -- Installing: /home/lab-pc/robot_hand_ws/install/schunk_svh_library/include/schunk_svh_library/control/SVHControlCommand.h
[2.705s] -- Installing: /home/lab-pc/robot_hand_ws/install/schunk_svh_library/include/schunk_svh_library/control/SVHHomeSettings.h
[2.705s] -- Installing: /home/lab-pc/robot_hand_ws/install/schunk_svh_library/include/schunk_svh_library/control/SVHController.h
[2.705s] -- Installing: /home/lab-pc/robot_hand_ws/install/schunk_svh_library/include/schunk_svh_library/control/SVHPositionSettings.h
[2.706s] -- Installing: /home/lab-pc/robot_hand_ws/install/schunk_svh_library/include/schunk_svh_library/control/SVHControllerFeedback.h
[2.706s] -- Installing: /home/lab-pc/robot_hand_ws/install/schunk_svh_library/include/schunk_svh_library/LogLevel.h
[2.706s] -- Installing: /home/lab-pc/robot_hand_ws/install/schunk_svh_library/share/ament_index/resource_index/packages/schunk_svh_library
[2.706s] -- Installing: /home/lab-pc/robot_hand_ws/install/schunk_svh_library/share/schunk_svh_library/hook/ament_prefix_path.dsv
[2.706s] -- Installing: /home/lab-pc/robot_hand_ws/install/schunk_svh_library/share/schunk_svh_library/hook/ros_package_path.dsv
[2.707s] Invoked command in '/home/lab-pc/robot_hand_ws/build/schunk_svh_library' returned '0': CMAKE_PREFIX_PATH=/home/lab-pc/robot_hand_ws/install/hand_robot_bringup:/home/lab-pc/robot_hand_ws/install/hand_py_pkg:/home/lab-pc/ros2_ws/install/my_py_pkg:/home/lab-pc/install/my_py_pkg:/opt/ros/foxy:/home/lab-pc/ros2_ws/install/schunk_svh_tests:/home/lab-pc/ros2_ws/install/schunk_svh_driver:/home/lab-pc/ros2_ws/install/schunk_svh_library:/home/lab-pc/ros2_ws/install/schunk_svh_description:/home/lab-pc/ros2_ws/install/robot_hand:/home/lab-pc/ros2_ws/install/my_robot_brigup:/home/lab-pc/ros2_ws/install/my_cpp_pkg:/home/lab-pc/ros2_ws/install/gz_snap_ros2_control_demos:/home/lab-pc/install/schunk_svh_tests:/home/lab-pc/install/schunk_svh_driver:/home/lab-pc/install/schunk_svh_library:/home/lab-pc/install/schunk_svh_description:/home/lab-pc/install/my_robot_brigup:/home/lab-pc/install/my_cpp_pkg /usr/bin/cmake --install /home/lab-pc/robot_hand_ws/build/schunk_svh_library
