[0.149s] Invoking command in '/home/lab-pc/robot_hand_ws/build/hand_robot_bringup': CMAKE_PREFIX_PATH=/home/lab-pc/robot_hand_ws/install/hand_robot_bringup:/home/lab-pc/robot_hand_ws/install/hand_py_pkg:/home/lab-pc/ros2_ws/install/my_py_pkg:/home/lab-pc/install/my_py_pkg:/opt/ros/foxy:/home/lab-pc/ros2_ws/install/schunk_svh_tests:/home/lab-pc/ros2_ws/install/schunk_svh_driver:/home/lab-pc/ros2_ws/install/schunk_svh_library:/home/lab-pc/ros2_ws/install/schunk_svh_description:/home/lab-pc/ros2_ws/install/robot_hand:/home/lab-pc/ros2_ws/install/my_robot_brigup:/home/lab-pc/ros2_ws/install/my_cpp_pkg:/home/lab-pc/ros2_ws/install/gz_snap_ros2_control_demos:/home/lab-pc/install/schunk_svh_tests:/home/lab-pc/install/schunk_svh_driver:/home/lab-pc/install/schunk_svh_library:/home/lab-pc/install/schunk_svh_description:/home/lab-pc/install/my_robot_brigup:/home/lab-pc/install/my_cpp_pkg /usr/bin/cmake --build /home/lab-pc/robot_hand_ws/build/hand_robot_bringup -- -j16 -l16
[0.174s] Invoked command in '/home/lab-pc/robot_hand_ws/build/hand_robot_bringup' returned '0': CMAKE_PREFIX_PATH=/home/lab-pc/robot_hand_ws/install/hand_robot_bringup:/home/lab-pc/robot_hand_ws/install/hand_py_pkg:/home/lab-pc/ros2_ws/install/my_py_pkg:/home/lab-pc/install/my_py_pkg:/opt/ros/foxy:/home/lab-pc/ros2_ws/install/schunk_svh_tests:/home/lab-pc/ros2_ws/install/schunk_svh_driver:/home/lab-pc/ros2_ws/install/schunk_svh_library:/home/lab-pc/ros2_ws/install/schunk_svh_description:/home/lab-pc/ros2_ws/install/robot_hand:/home/lab-pc/ros2_ws/install/my_robot_brigup:/home/lab-pc/ros2_ws/install/my_cpp_pkg:/home/lab-pc/ros2_ws/install/gz_snap_ros2_control_demos:/home/lab-pc/install/schunk_svh_tests:/home/lab-pc/install/schunk_svh_driver:/home/lab-pc/install/schunk_svh_library:/home/lab-pc/install/schunk_svh_description:/home/lab-pc/install/my_robot_brigup:/home/lab-pc/install/my_cpp_pkg /usr/bin/cmake --build /home/lab-pc/robot_hand_ws/build/hand_robot_bringup -- -j16 -l16
[0.193s] Invoking command in '/home/lab-pc/robot_hand_ws/build/hand_robot_bringup': CMAKE_PREFIX_PATH=/home/lab-pc/robot_hand_ws/install/hand_robot_bringup:/home/lab-pc/robot_hand_ws/install/hand_py_pkg:/home/lab-pc/ros2_ws/install/my_py_pkg:/home/lab-pc/install/my_py_pkg:/opt/ros/foxy:/home/lab-pc/ros2_ws/install/schunk_svh_tests:/home/lab-pc/ros2_ws/install/schunk_svh_driver:/home/lab-pc/ros2_ws/install/schunk_svh_library:/home/lab-pc/ros2_ws/install/schunk_svh_description:/home/lab-pc/ros2_ws/install/robot_hand:/home/lab-pc/ros2_ws/install/my_robot_brigup:/home/lab-pc/ros2_ws/install/my_cpp_pkg:/home/lab-pc/ros2_ws/install/gz_snap_ros2_control_demos:/home/lab-pc/install/schunk_svh_tests:/home/lab-pc/install/schunk_svh_driver:/home/lab-pc/install/schunk_svh_library:/home/lab-pc/install/schunk_svh_description:/home/lab-pc/install/my_robot_brigup:/home/lab-pc/install/my_cpp_pkg /usr/bin/cmake --install /home/lab-pc/robot_hand_ws/build/hand_robot_bringup
[0.198s] -- Install configuration: ""
[0.198s] -- Up-to-date: /home/lab-pc/robot_hand_ws/install/hand_robot_bringup/share/hand_robot_bringup/launch
[0.198s] -- Installing: /home/lab-pc/robot_hand_ws/install/hand_robot_bringup/share/hand_robot_bringup/launch/hand_robot.launch.py
[0.198s] -- Up-to-date: /home/lab-pc/robot_hand_ws/install/hand_robot_bringup/share/ament_index/resource_index/package_run_dependencies/hand_robot_bringup
[0.198s] -- Up-to-date: /home/lab-pc/robot_hand_ws/install/hand_robot_bringup/share/ament_index/resource_index/parent_prefix_path/hand_robot_bringup
[0.199s] -- Up-to-date: /home/lab-pc/robot_hand_ws/install/hand_robot_bringup/share/hand_robot_bringup/environment/ament_prefix_path.sh
[0.199s] -- Up-to-date: /home/lab-pc/robot_hand_ws/install/hand_robot_bringup/share/hand_robot_bringup/environment/ament_prefix_path.dsv
[0.199s] -- Up-to-date: /home/lab-pc/robot_hand_ws/install/hand_robot_bringup/share/hand_robot_bringup/environment/path.sh
[0.199s] -- Up-to-date: /home/lab-pc/robot_hand_ws/install/hand_robot_bringup/share/hand_robot_bringup/environment/path.dsv
[0.199s] -- Up-to-date: /home/lab-pc/robot_hand_ws/install/hand_robot_bringup/share/hand_robot_bringup/local_setup.bash
[0.199s] -- Up-to-date: /home/lab-pc/robot_hand_ws/install/hand_robot_bringup/share/hand_robot_bringup/local_setup.sh
[0.199s] -- Up-to-date: /home/lab-pc/robot_hand_ws/install/hand_robot_bringup/share/hand_robot_bringup/local_setup.zsh
[0.199s] -- Up-to-date: /home/lab-pc/robot_hand_ws/install/hand_robot_bringup/share/hand_robot_bringup/local_setup.dsv
[0.199s] -- Up-to-date: /home/lab-pc/robot_hand_ws/install/hand_robot_bringup/share/hand_robot_bringup/package.dsv
[0.199s] -- Up-to-date: /home/lab-pc/robot_hand_ws/install/hand_robot_bringup/share/ament_index/resource_index/packages/hand_robot_bringup
[0.199s] -- Up-to-date: /home/lab-pc/robot_hand_ws/install/hand_robot_bringup/share/hand_robot_bringup/cmake/hand_robot_bringupConfig.cmake
[0.199s] -- Up-to-date: /home/lab-pc/robot_hand_ws/install/hand_robot_bringup/share/hand_robot_bringup/cmake/hand_robot_bringupConfig-version.cmake
[0.199s] -- Up-to-date: /home/lab-pc/robot_hand_ws/install/hand_robot_bringup/share/hand_robot_bringup/package.xml
[0.200s] Invoked command in '/home/lab-pc/robot_hand_ws/build/hand_robot_bringup' returned '0': CMAKE_PREFIX_PATH=/home/lab-pc/robot_hand_ws/install/hand_robot_bringup:/home/lab-pc/robot_hand_ws/install/hand_py_pkg:/home/lab-pc/ros2_ws/install/my_py_pkg:/home/lab-pc/install/my_py_pkg:/opt/ros/foxy:/home/lab-pc/ros2_ws/install/schunk_svh_tests:/home/lab-pc/ros2_ws/install/schunk_svh_driver:/home/lab-pc/ros2_ws/install/schunk_svh_library:/home/lab-pc/ros2_ws/install/schunk_svh_description:/home/lab-pc/ros2_ws/install/robot_hand:/home/lab-pc/ros2_ws/install/my_robot_brigup:/home/lab-pc/ros2_ws/install/my_cpp_pkg:/home/lab-pc/ros2_ws/install/gz_snap_ros2_control_demos:/home/lab-pc/install/schunk_svh_tests:/home/lab-pc/install/schunk_svh_driver:/home/lab-pc/install/schunk_svh_library:/home/lab-pc/install/schunk_svh_description:/home/lab-pc/install/my_robot_brigup:/home/lab-pc/install/my_cpp_pkg /usr/bin/cmake --install /home/lab-pc/robot_hand_ws/build/hand_robot_bringup
