[0.392s] Invoking command in '/home/lab-pc/robot_hand_ws/build/hand_py_pkg': PYTHONPATH=/home/lab-pc/robot_hand_ws/build/hand_py_pkg/prefix_override:/home/lab-pc/robot_hand_ws/install/hand_py_pkg/lib/python3.8/site-packages:${PYTHONPATH} /usr/bin/python3 setup.py develop --uninstall --editable --build-directory /home/lab-pc/robot_hand_ws/build/hand_py_pkg/build
[0.526s] running develop
[0.621s] Invoked command in '/home/lab-pc/robot_hand_ws/build/hand_py_pkg' returned '0': PYTHONPATH=/home/lab-pc/robot_hand_ws/build/hand_py_pkg/prefix_override:/home/lab-pc/robot_hand_ws/install/hand_py_pkg/lib/python3.8/site-packages:${PYTHONPATH} /usr/bin/python3 setup.py develop --uninstall --editable --build-directory /home/lab-pc/robot_hand_ws/build/hand_py_pkg/build
[0.623s] Invoking command in '/home/lab-pc/robot_hand_ws/src/hand_py_pkg': PYTHONPATH=/home/lab-pc/robot_hand_ws/build/hand_py_pkg/prefix_override:/home/lab-pc/robot_hand_ws/install/hand_py_pkg/lib/python3.8/site-packages:${PYTHONPATH} /usr/bin/python3 setup.py egg_info --egg-base ../../build/hand_py_pkg build --build-base /home/lab-pc/robot_hand_ws/build/hand_py_pkg/build install --record /home/lab-pc/robot_hand_ws/build/hand_py_pkg/install.log --install-scripts $base/lib/hand_py_pkg --single-version-externally-managed
[0.752s] running egg_info
[0.752s] writing ../../build/hand_py_pkg/hand_py_pkg.egg-info/PKG-INFO
[0.752s] writing dependency_links to ../../build/hand_py_pkg/hand_py_pkg.egg-info/dependency_links.txt
[0.752s] writing entry points to ../../build/hand_py_pkg/hand_py_pkg.egg-info/entry_points.txt
[0.752s] writing requirements to ../../build/hand_py_pkg/hand_py_pkg.egg-info/requires.txt
[0.752s] writing top-level names to ../../build/hand_py_pkg/hand_py_pkg.egg-info/top_level.txt
[0.773s] reading manifest file '../../build/hand_py_pkg/hand_py_pkg.egg-info/SOURCES.txt'
[0.773s] writing manifest file '../../build/hand_py_pkg/hand_py_pkg.egg-info/SOURCES.txt'
[0.773s] running build
[0.773s] running build_py
[0.773s] running install
[0.774s] running install_lib
[0.774s] running install_data
[0.775s] running install_egg_info
[0.776s] removing '/home/lab-pc/robot_hand_ws/install/hand_py_pkg/lib/python3.8/site-packages/hand_py_pkg-0.0.0-py3.8.egg-info' (and everything under it)
[0.776s] Copying ../../build/hand_py_pkg/hand_py_pkg.egg-info to /home/lab-pc/robot_hand_ws/install/hand_py_pkg/lib/python3.8/site-packages/hand_py_pkg-0.0.0-py3.8.egg-info
[0.776s] running install_scripts
[0.786s] writing list of installed files to '/home/lab-pc/robot_hand_ws/build/hand_py_pkg/install.log'
[0.799s] Invoked command in '/home/lab-pc/robot_hand_ws/src/hand_py_pkg' returned '0': PYTHONPATH=/home/lab-pc/robot_hand_ws/build/hand_py_pkg/prefix_override:/home/lab-pc/robot_hand_ws/install/hand_py_pkg/lib/python3.8/site-packages:${PYTHONPATH} /usr/bin/python3 setup.py egg_info --egg-base ../../build/hand_py_pkg build --build-base /home/lab-pc/robot_hand_ws/build/hand_py_pkg/build install --record /home/lab-pc/robot_hand_ws/build/hand_py_pkg/install.log --install-scripts $base/lib/hand_py_pkg --single-version-externally-managed
