-- The C compiler identification is GNU 9.4.0
-- The CXX compiler identification is GNU 9.4.0
-- Check for working C compiler: /usr/bin/cc
-- Check for working C compiler: /usr/bin/cc -- works
-- Detecting C compiler ABI info
-- Detecting C compiler ABI info - done
-- Detecting C compile features
-- Detecting C compile features - done
-- Check for working CXX compiler: /usr/bin/c++
-- Check for working CXX compiler: /usr/bin/c++ -- works
-- Detecting CXX compiler ABI info
-- Detecting CXX compiler ABI info - done
-- Detecting CXX compile features
-- Detecting CXX compile features - done
-- Found ament_cmake: 0.9.11 (/opt/ros/foxy/share/ament_cmake/cmake)
-- Found PythonInterp: /usr/bin/python3 (found suitable version "3.8.10", minimum required is "3") 
-- Using PYTHON_EXECUTABLE: /usr/bin/python3
-- Found hardware_interface: 0.11.0 (/opt/ros/foxy/share/hardware_interface/cmake)
-- Using all available rosidl_typesupport_c: rosidl_typesupport_fastrtps_c;rosidl_typesupport_introspection_c
-- Found rosidl_adapter: 1.3.0 (/opt/ros/foxy/share/rosidl_adapter/cmake)
-- Found OpenSSL: /usr/lib/x86_64-linux-gnu/libcrypto.so (found version "1.1.1f")  
-- Found FastRTPS: /opt/ros/foxy/include  
-- Using all available rosidl_typesupport_cpp: rosidl_typesupport_fastrtps_cpp;rosidl_typesupport_introspection_cpp
-- Found rclcpp: 2.4.2 (/opt/ros/foxy/share/rclcpp/cmake)
-- Found rmw_implementation_cmake: 1.0.3 (/opt/ros/foxy/share/rmw_implementation_cmake/cmake)
-- Using RMW implementation 'rmw_fastrtps_cpp' as default
-- Looking for pthread.h
-- Looking for pthread.h - found
-- Performing Test CMAKE_HAVE_LIBC_PTHREAD
-- Performing Test CMAKE_HAVE_LIBC_PTHREAD - Failed
-- Looking for pthread_create in pthreads
-- Looking for pthread_create in pthreads - not found
-- Looking for pthread_create in pthread
-- Looking for pthread_create in pthread - found
-- Found Threads: TRUE  
-- Found ament_lint_auto: 0.9.7 (/opt/ros/foxy/share/ament_lint_auto/cmake)
-- Configuring done
-- Generating done
-- Build files have been written to: /home/lab-pc/robot_hand_ws/build/schunk_svh_driver
[35m[1mScanning dependencies of target schunk_svh_driver[0m
[ 33%] [32mBuilding CXX object CMakeFiles/schunk_svh_driver.dir/src/system_interface.cpp.o[0m
[ 66%] [32mBuilding CXX object CMakeFiles/schunk_svh_driver.dir/src/ROSLogHandler.cpp.o[0m
[100%] [32m[1mLinking CXX shared library libschunk_svh_driver.so[0m
[100%] Built target schunk_svh_driver
-- Install configuration: ""
-- Installing: /home/lab-pc/robot_hand_ws/install/schunk_svh_driver/share/schunk_svh_driver/schunk_svh_driver.xml
-- Installing: /home/lab-pc/robot_hand_ws/install/schunk_svh_driver/include
-- Installing: /home/lab-pc/robot_hand_ws/install/schunk_svh_driver/include/schunk_svh_driver
-- Installing: /home/lab-pc/robot_hand_ws/install/schunk_svh_driver/include/schunk_svh_driver/ROSLogHandler.hpp
-- Installing: /home/lab-pc/robot_hand_ws/install/schunk_svh_driver/include/schunk_svh_driver/system_interface.hpp
-- Installing: /home/lab-pc/robot_hand_ws/install/schunk_svh_driver/share/schunk_svh_driver/cfg
-- Installing: /home/lab-pc/robot_hand_ws/install/schunk_svh_driver/share/schunk_svh_driver/cfg/schunk_svh_driver.yaml
-- Installing: /home/lab-pc/robot_hand_ws/install/schunk_svh_driver/share/schunk_svh_driver/urdf
-- Installing: /home/lab-pc/robot_hand_ws/install/schunk_svh_driver/share/schunk_svh_driver/urdf/parameters
-- Installing: /home/lab-pc/robot_hand_ws/install/schunk_svh_driver/share/schunk_svh_driver/urdf/parameters/finger_spread.xacro
-- Installing: /home/lab-pc/robot_hand_ws/install/schunk_svh_driver/share/schunk_svh_driver/urdf/parameters/pinky.xacro
-- Installing: /home/lab-pc/robot_hand_ws/install/schunk_svh_driver/share/schunk_svh_driver/urdf/parameters/middle_finger_proximal.xacro
-- Installing: /home/lab-pc/robot_hand_ws/install/schunk_svh_driver/share/schunk_svh_driver/urdf/parameters/ring_finger.xacro
-- Installing: /home/lab-pc/robot_hand_ws/install/schunk_svh_driver/share/schunk_svh_driver/urdf/parameters/thumb_flexion.xacro
-- Installing: /home/lab-pc/robot_hand_ws/install/schunk_svh_driver/share/schunk_svh_driver/urdf/parameters/thumb_opposition.xacro
-- Installing: /home/lab-pc/robot_hand_ws/install/schunk_svh_driver/share/schunk_svh_driver/urdf/parameters/index_finger_distal.xacro
-- Installing: /home/lab-pc/robot_hand_ws/install/schunk_svh_driver/share/schunk_svh_driver/urdf/parameters/middle_finger_distal.xacro
-- Installing: /home/lab-pc/robot_hand_ws/install/schunk_svh_driver/share/schunk_svh_driver/urdf/parameters/README.md
-- Installing: /home/lab-pc/robot_hand_ws/install/schunk_svh_driver/share/schunk_svh_driver/urdf/parameters/index_finger_proximal.xacro
-- Installing: /home/lab-pc/robot_hand_ws/install/schunk_svh_driver/share/schunk_svh_driver/urdf/schunk_svh_driver.xacro
-- Installing: /home/lab-pc/robot_hand_ws/install/schunk_svh_driver/share/schunk_svh_driver/launch
-- Installing: /home/lab-pc/robot_hand_ws/install/schunk_svh_driver/share/schunk_svh_driver/launch/schunk_svh_driver.launch.py
-- Installing: /home/lab-pc/robot_hand_ws/install/schunk_svh_driver/lib/libschunk_svh_driver.so
-- Set runtime path of "/home/lab-pc/robot_hand_ws/install/schunk_svh_driver/lib/libschunk_svh_driver.so" to ""
-- Installing: /home/lab-pc/robot_hand_ws/install/schunk_svh_driver/lib/schunk_svh_driver/example.py
-- Installing: /home/lab-pc/robot_hand_ws/install/schunk_svh_driver/share/ament_index/resource_index/package_run_dependencies/schunk_svh_driver
-- Installing: /home/lab-pc/robot_hand_ws/install/schunk_svh_driver/share/ament_index/resource_index/parent_prefix_path/schunk_svh_driver
-- Installing: /home/lab-pc/robot_hand_ws/install/schunk_svh_driver/share/schunk_svh_driver/environment/ament_prefix_path.sh
-- Installing: /home/lab-pc/robot_hand_ws/install/schunk_svh_driver/share/schunk_svh_driver/environment/ament_prefix_path.dsv
-- Installing: /home/lab-pc/robot_hand_ws/install/schunk_svh_driver/share/schunk_svh_driver/environment/path.sh
-- Installing: /home/lab-pc/robot_hand_ws/install/schunk_svh_driver/share/schunk_svh_driver/environment/path.dsv
-- Installing: /home/lab-pc/robot_hand_ws/install/schunk_svh_driver/share/schunk_svh_driver/local_setup.bash
-- Installing: /home/lab-pc/robot_hand_ws/install/schunk_svh_driver/share/schunk_svh_driver/local_setup.sh
-- Installing: /home/lab-pc/robot_hand_ws/install/schunk_svh_driver/share/schunk_svh_driver/local_setup.zsh
-- Installing: /home/lab-pc/robot_hand_ws/install/schunk_svh_driver/share/schunk_svh_driver/local_setup.dsv
-- Installing: /home/lab-pc/robot_hand_ws/install/schunk_svh_driver/share/schunk_svh_driver/package.dsv
-- Installing: /home/lab-pc/robot_hand_ws/install/schunk_svh_driver/share/ament_index/resource_index/packages/schunk_svh_driver
-- Installing: /home/lab-pc/robot_hand_ws/install/schunk_svh_driver/share/ament_index/resource_index/hardware_interface__pluginlib__plugin/schunk_svh_driver
-- Installing: /home/lab-pc/robot_hand_ws/install/schunk_svh_driver/share/schunk_svh_driver/cmake/schunk_svh_driverConfig.cmake
-- Installing: /home/lab-pc/robot_hand_ws/install/schunk_svh_driver/share/schunk_svh_driver/cmake/schunk_svh_driverConfig-version.cmake
-- Installing: /home/lab-pc/robot_hand_ws/install/schunk_svh_driver/share/schunk_svh_driver/package.xml
