[0.008s] Invoking command in '/home/lab-pc/robot_hand_ws/build/schunk_svh_driver': AMENT_PREFIX_PATH=/home/lab-pc/robot_hand_ws/install/schunk_svh_description:${AMENT_PREFIX_PATH} CMAKE_PREFIX_PATH=/home/lab-pc/robot_hand_ws/install/schunk_svh_library:/home/lab-pc/robot_hand_ws/install/schunk_svh_description:/home/lab-pc/robot_hand_ws/install/hand_robot_bringup:/home/lab-pc/robot_hand_ws/install/hand_py_pkg:/home/lab-pc/ros2_ws/install/my_py_pkg:/home/lab-pc/install/my_py_pkg:/opt/ros/foxy:/home/lab-pc/ros2_ws/install/schunk_svh_tests:/home/lab-pc/ros2_ws/install/schunk_svh_driver:/home/lab-pc/ros2_ws/install/schunk_svh_library:/home/lab-pc/ros2_ws/install/schunk_svh_description:/home/lab-pc/ros2_ws/install/robot_hand:/home/lab-pc/ros2_ws/install/my_robot_brigup:/home/lab-pc/ros2_ws/install/my_cpp_pkg:/home/lab-pc/ros2_ws/install/gz_snap_ros2_control_demos:/home/lab-pc/install/schunk_svh_tests:/home/lab-pc/install/schunk_svh_driver:/home/lab-pc/install/schunk_svh_library:/home/lab-pc/install/schunk_svh_description:/home/lab-pc/install/my_robot_brigup:/home/lab-pc/install/my_cpp_pkg LD_LIBRARY_PATH=/home/lab-pc/robot_hand_ws/install/schunk_svh_library/lib:${LD_LIBRARY_PATH} PKG_CONFIG_PATH=/home/lab-pc/robot_hand_ws/install/schunk_svh_library/lib/x86_64-linux-gnu/pkgconfig:/home/lab-pc/robot_hand_ws/install/schunk_svh_library/lib/pkgconfig:${PKG_CONFIG_PATH} /usr/bin/cmake /home/lab-pc/robot_hand_ws/src/schunk_svh_ros_driver/schunk_svh_driver -DCMAKE_INSTALL_PREFIX=/home/lab-pc/robot_hand_ws/install/schunk_svh_driver
[0.037s] -- The C compiler identification is GNU 9.4.0
[0.067s] -- The CXX compiler identification is GNU 9.4.0
[0.070s] -- Check for working C compiler: /usr/bin/cc
[0.107s] -- Check for working C compiler: /usr/bin/cc -- works
[0.107s] -- Detecting C compiler ABI info
[0.145s] -- Detecting C compiler ABI info - done
[0.163s] -- Detecting C compile features
[0.163s] -- Detecting C compile features - done
[0.166s] -- Check for working CXX compiler: /usr/bin/c++
[0.215s] -- Check for working CXX compiler: /usr/bin/c++ -- works
[0.215s] -- Detecting CXX compiler ABI info
[0.270s] -- Detecting CXX compiler ABI info - done
[0.277s] -- Detecting CXX compile features
[0.277s] -- Detecting CXX compile features - done
[0.280s] -- Found ament_cmake: 0.9.11 (/opt/ros/foxy/share/ament_cmake/cmake)
[0.297s] -- Found PythonInterp: /usr/bin/python3 (found suitable version "3.8.10", minimum required is "3") 
[0.297s] -- Using PYTHON_EXECUTABLE: /usr/bin/python3
[0.409s] -- Found hardware_interface: 0.11.0 (/opt/ros/foxy/share/hardware_interface/cmake)
[0.443s] -- Using all available rosidl_typesupport_c: rosidl_typesupport_fastrtps_c;rosidl_typesupport_introspection_c
[0.448s] -- Found rosidl_adapter: 1.3.0 (/opt/ros/foxy/share/rosidl_adapter/cmake)
[0.498s] -- Found OpenSSL: /usr/lib/x86_64-linux-gnu/libcrypto.so (found version "1.1.1f")  
[0.515s] -- Found FastRTPS: /opt/ros/foxy/include  
[0.564s] -- Using all available rosidl_typesupport_cpp: rosidl_typesupport_fastrtps_cpp;rosidl_typesupport_introspection_cpp
[0.859s] -- Found rclcpp: 2.4.2 (/opt/ros/foxy/share/rclcpp/cmake)
[0.891s] -- Found rmw_implementation_cmake: 1.0.3 (/opt/ros/foxy/share/rmw_implementation_cmake/cmake)
[0.893s] -- Using RMW implementation 'rmw_fastrtps_cpp' as default
[0.893s] -- Looking for pthread.h
[0.950s] -- Looking for pthread.h - found
[0.950s] -- Performing Test CMAKE_HAVE_LIBC_PTHREAD
[1.041s] -- Performing Test CMAKE_HAVE_LIBC_PTHREAD - Failed
[1.041s] -- Looking for pthread_create in pthreads
[1.084s] -- Looking for pthread_create in pthreads - not found
[1.084s] -- Looking for pthread_create in pthread
[1.123s] -- Looking for pthread_create in pthread - found
[1.123s] -- Found Threads: TRUE  
[1.215s] -- Found ament_lint_auto: 0.9.7 (/opt/ros/foxy/share/ament_lint_auto/cmake)
[1.250s] -- Configuring done
[1.265s] -- Generating done
[1.266s] -- Build files have been written to: /home/lab-pc/robot_hand_ws/build/schunk_svh_driver
[1.271s] Invoked command in '/home/lab-pc/robot_hand_ws/build/schunk_svh_driver' returned '0': AMENT_PREFIX_PATH=/home/lab-pc/robot_hand_ws/install/schunk_svh_description:${AMENT_PREFIX_PATH} CMAKE_PREFIX_PATH=/home/lab-pc/robot_hand_ws/install/schunk_svh_library:/home/lab-pc/robot_hand_ws/install/schunk_svh_description:/home/lab-pc/robot_hand_ws/install/hand_robot_bringup:/home/lab-pc/robot_hand_ws/install/hand_py_pkg:/home/lab-pc/ros2_ws/install/my_py_pkg:/home/lab-pc/install/my_py_pkg:/opt/ros/foxy:/home/lab-pc/ros2_ws/install/schunk_svh_tests:/home/lab-pc/ros2_ws/install/schunk_svh_driver:/home/lab-pc/ros2_ws/install/schunk_svh_library:/home/lab-pc/ros2_ws/install/schunk_svh_description:/home/lab-pc/ros2_ws/install/robot_hand:/home/lab-pc/ros2_ws/install/my_robot_brigup:/home/lab-pc/ros2_ws/install/my_cpp_pkg:/home/lab-pc/ros2_ws/install/gz_snap_ros2_control_demos:/home/lab-pc/install/schunk_svh_tests:/home/lab-pc/install/schunk_svh_driver:/home/lab-pc/install/schunk_svh_library:/home/lab-pc/install/schunk_svh_description:/home/lab-pc/install/my_robot_brigup:/home/lab-pc/install/my_cpp_pkg LD_LIBRARY_PATH=/home/lab-pc/robot_hand_ws/install/schunk_svh_library/lib:${LD_LIBRARY_PATH} PKG_CONFIG_PATH=/home/lab-pc/robot_hand_ws/install/schunk_svh_library/lib/x86_64-linux-gnu/pkgconfig:/home/lab-pc/robot_hand_ws/install/schunk_svh_library/lib/pkgconfig:${PKG_CONFIG_PATH} /usr/bin/cmake /home/lab-pc/robot_hand_ws/src/schunk_svh_ros_driver/schunk_svh_driver -DCMAKE_INSTALL_PREFIX=/home/lab-pc/robot_hand_ws/install/schunk_svh_driver
[1.272s] Invoking command in '/home/lab-pc/robot_hand_ws/build/schunk_svh_driver': AMENT_PREFIX_PATH=/home/lab-pc/robot_hand_ws/install/schunk_svh_description:${AMENT_PREFIX_PATH} CMAKE_PREFIX_PATH=/home/lab-pc/robot_hand_ws/install/schunk_svh_library:/home/lab-pc/robot_hand_ws/install/schunk_svh_description:/home/lab-pc/robot_hand_ws/install/hand_robot_bringup:/home/lab-pc/robot_hand_ws/install/hand_py_pkg:/home/lab-pc/ros2_ws/install/my_py_pkg:/home/lab-pc/install/my_py_pkg:/opt/ros/foxy:/home/lab-pc/ros2_ws/install/schunk_svh_tests:/home/lab-pc/ros2_ws/install/schunk_svh_driver:/home/lab-pc/ros2_ws/install/schunk_svh_library:/home/lab-pc/ros2_ws/install/schunk_svh_description:/home/lab-pc/ros2_ws/install/robot_hand:/home/lab-pc/ros2_ws/install/my_robot_brigup:/home/lab-pc/ros2_ws/install/my_cpp_pkg:/home/lab-pc/ros2_ws/install/gz_snap_ros2_control_demos:/home/lab-pc/install/schunk_svh_tests:/home/lab-pc/install/schunk_svh_driver:/home/lab-pc/install/schunk_svh_library:/home/lab-pc/install/schunk_svh_description:/home/lab-pc/install/my_robot_brigup:/home/lab-pc/install/my_cpp_pkg LD_LIBRARY_PATH=/home/lab-pc/robot_hand_ws/install/schunk_svh_library/lib:${LD_LIBRARY_PATH} PKG_CONFIG_PATH=/home/lab-pc/robot_hand_ws/install/schunk_svh_library/lib/x86_64-linux-gnu/pkgconfig:/home/lab-pc/robot_hand_ws/install/schunk_svh_library/lib/pkgconfig:${PKG_CONFIG_PATH} /usr/bin/cmake --build /home/lab-pc/robot_hand_ws/build/schunk_svh_driver -- -j16 -l16
[1.299s] [35m[1mScanning dependencies of target schunk_svh_driver[0m
[1.347s] [ 33%] [32mBuilding CXX object CMakeFiles/schunk_svh_driver.dir/src/system_interface.cpp.o[0m
[1.347s] [ 66%] [32mBuilding CXX object CMakeFiles/schunk_svh_driver.dir/src/ROSLogHandler.cpp.o[0m
[3.022s] [100%] [32m[1mLinking CXX shared library libschunk_svh_driver.so[0m
[3.118s] [100%] Built target schunk_svh_driver
[3.125s] Invoked command in '/home/lab-pc/robot_hand_ws/build/schunk_svh_driver' returned '0': AMENT_PREFIX_PATH=/home/lab-pc/robot_hand_ws/install/schunk_svh_description:${AMENT_PREFIX_PATH} CMAKE_PREFIX_PATH=/home/lab-pc/robot_hand_ws/install/schunk_svh_library:/home/lab-pc/robot_hand_ws/install/schunk_svh_description:/home/lab-pc/robot_hand_ws/install/hand_robot_bringup:/home/lab-pc/robot_hand_ws/install/hand_py_pkg:/home/lab-pc/ros2_ws/install/my_py_pkg:/home/lab-pc/install/my_py_pkg:/opt/ros/foxy:/home/lab-pc/ros2_ws/install/schunk_svh_tests:/home/lab-pc/ros2_ws/install/schunk_svh_driver:/home/lab-pc/ros2_ws/install/schunk_svh_library:/home/lab-pc/ros2_ws/install/schunk_svh_description:/home/lab-pc/ros2_ws/install/robot_hand:/home/lab-pc/ros2_ws/install/my_robot_brigup:/home/lab-pc/ros2_ws/install/my_cpp_pkg:/home/lab-pc/ros2_ws/install/gz_snap_ros2_control_demos:/home/lab-pc/install/schunk_svh_tests:/home/lab-pc/install/schunk_svh_driver:/home/lab-pc/install/schunk_svh_library:/home/lab-pc/install/schunk_svh_description:/home/lab-pc/install/my_robot_brigup:/home/lab-pc/install/my_cpp_pkg LD_LIBRARY_PATH=/home/lab-pc/robot_hand_ws/install/schunk_svh_library/lib:${LD_LIBRARY_PATH} PKG_CONFIG_PATH=/home/lab-pc/robot_hand_ws/install/schunk_svh_library/lib/x86_64-linux-gnu/pkgconfig:/home/lab-pc/robot_hand_ws/install/schunk_svh_library/lib/pkgconfig:${PKG_CONFIG_PATH} /usr/bin/cmake --build /home/lab-pc/robot_hand_ws/build/schunk_svh_driver -- -j16 -l16
[3.139s] Invoking command in '/home/lab-pc/robot_hand_ws/build/schunk_svh_driver': AMENT_PREFIX_PATH=/home/lab-pc/robot_hand_ws/install/schunk_svh_description:${AMENT_PREFIX_PATH} CMAKE_PREFIX_PATH=/home/lab-pc/robot_hand_ws/install/schunk_svh_library:/home/lab-pc/robot_hand_ws/install/schunk_svh_description:/home/lab-pc/robot_hand_ws/install/hand_robot_bringup:/home/lab-pc/robot_hand_ws/install/hand_py_pkg:/home/lab-pc/ros2_ws/install/my_py_pkg:/home/lab-pc/install/my_py_pkg:/opt/ros/foxy:/home/lab-pc/ros2_ws/install/schunk_svh_tests:/home/lab-pc/ros2_ws/install/schunk_svh_driver:/home/lab-pc/ros2_ws/install/schunk_svh_library:/home/lab-pc/ros2_ws/install/schunk_svh_description:/home/lab-pc/ros2_ws/install/robot_hand:/home/lab-pc/ros2_ws/install/my_robot_brigup:/home/lab-pc/ros2_ws/install/my_cpp_pkg:/home/lab-pc/ros2_ws/install/gz_snap_ros2_control_demos:/home/lab-pc/install/schunk_svh_tests:/home/lab-pc/install/schunk_svh_driver:/home/lab-pc/install/schunk_svh_library:/home/lab-pc/install/schunk_svh_description:/home/lab-pc/install/my_robot_brigup:/home/lab-pc/install/my_cpp_pkg LD_LIBRARY_PATH=/home/lab-pc/robot_hand_ws/install/schunk_svh_library/lib:${LD_LIBRARY_PATH} PKG_CONFIG_PATH=/home/lab-pc/robot_hand_ws/install/schunk_svh_library/lib/x86_64-linux-gnu/pkgconfig:/home/lab-pc/robot_hand_ws/install/schunk_svh_library/lib/pkgconfig:${PKG_CONFIG_PATH} /usr/bin/cmake --install /home/lab-pc/robot_hand_ws/build/schunk_svh_driver
[3.144s] -- Install configuration: ""
[3.144s] -- Installing: /home/lab-pc/robot_hand_ws/install/schunk_svh_driver/share/schunk_svh_driver/schunk_svh_driver.xml
[3.144s] -- Installing: /home/lab-pc/robot_hand_ws/install/schunk_svh_driver/include
[3.144s] -- Installing: /home/lab-pc/robot_hand_ws/install/schunk_svh_driver/include/schunk_svh_driver
[3.144s] -- Installing: /home/lab-pc/robot_hand_ws/install/schunk_svh_driver/include/schunk_svh_driver/ROSLogHandler.hpp
[3.144s] -- Installing: /home/lab-pc/robot_hand_ws/install/schunk_svh_driver/include/schunk_svh_driver/system_interface.hpp
[3.144s] -- Installing: /home/lab-pc/robot_hand_ws/install/schunk_svh_driver/share/schunk_svh_driver/cfg
[3.144s] -- Installing: /home/lab-pc/robot_hand_ws/install/schunk_svh_driver/share/schunk_svh_driver/cfg/schunk_svh_driver.yaml
[3.144s] -- Installing: /home/lab-pc/robot_hand_ws/install/schunk_svh_driver/share/schunk_svh_driver/urdf
[3.144s] -- Installing: /home/lab-pc/robot_hand_ws/install/schunk_svh_driver/share/schunk_svh_driver/urdf/parameters
[3.144s] -- Installing: /home/lab-pc/robot_hand_ws/install/schunk_svh_driver/share/schunk_svh_driver/urdf/parameters/finger_spread.xacro
[3.144s] -- Installing: /home/lab-pc/robot_hand_ws/install/schunk_svh_driver/share/schunk_svh_driver/urdf/parameters/pinky.xacro
[3.145s] -- Installing: /home/lab-pc/robot_hand_ws/install/schunk_svh_driver/share/schunk_svh_driver/urdf/parameters/middle_finger_proximal.xacro
[3.145s] -- Installing: /home/lab-pc/robot_hand_ws/install/schunk_svh_driver/share/schunk_svh_driver/urdf/parameters/ring_finger.xacro
[3.145s] -- Installing: /home/lab-pc/robot_hand_ws/install/schunk_svh_driver/share/schunk_svh_driver/urdf/parameters/thumb_flexion.xacro
[3.145s] -- Installing: /home/lab-pc/robot_hand_ws/install/schunk_svh_driver/share/schunk_svh_driver/urdf/parameters/thumb_opposition.xacro
[3.145s] -- Installing: /home/lab-pc/robot_hand_ws/install/schunk_svh_driver/share/schunk_svh_driver/urdf/parameters/index_finger_distal.xacro
[3.145s] -- Installing: /home/lab-pc/robot_hand_ws/install/schunk_svh_driver/share/schunk_svh_driver/urdf/parameters/middle_finger_distal.xacro
[3.145s] -- Installing: /home/lab-pc/robot_hand_ws/install/schunk_svh_driver/share/schunk_svh_driver/urdf/parameters/README.md
[3.145s] -- Installing: /home/lab-pc/robot_hand_ws/install/schunk_svh_driver/share/schunk_svh_driver/urdf/parameters/index_finger_proximal.xacro
[3.145s] -- Installing: /home/lab-pc/robot_hand_ws/install/schunk_svh_driver/share/schunk_svh_driver/urdf/schunk_svh_driver.xacro
[3.145s] -- Installing: /home/lab-pc/robot_hand_ws/install/schunk_svh_driver/share/schunk_svh_driver/launch
[3.145s] -- Installing: /home/lab-pc/robot_hand_ws/install/schunk_svh_driver/share/schunk_svh_driver/launch/schunk_svh_driver.launch.py
[3.145s] -- Installing: /home/lab-pc/robot_hand_ws/install/schunk_svh_driver/lib/libschunk_svh_driver.so
[3.145s] -- Set runtime path of "/home/lab-pc/robot_hand_ws/install/schunk_svh_driver/lib/libschunk_svh_driver.so" to ""
[3.145s] -- Installing: /home/lab-pc/robot_hand_ws/install/schunk_svh_driver/lib/schunk_svh_driver/example.py
[3.146s] -- Installing: /home/lab-pc/robot_hand_ws/install/schunk_svh_driver/share/ament_index/resource_index/package_run_dependencies/schunk_svh_driver
[3.146s] -- Installing: /home/lab-pc/robot_hand_ws/install/schunk_svh_driver/share/ament_index/resource_index/parent_prefix_path/schunk_svh_driver
[3.146s] -- Installing: /home/lab-pc/robot_hand_ws/install/schunk_svh_driver/share/schunk_svh_driver/environment/ament_prefix_path.sh
[3.146s] -- Installing: /home/lab-pc/robot_hand_ws/install/schunk_svh_driver/share/schunk_svh_driver/environment/ament_prefix_path.dsv
[3.146s] -- Installing: /home/lab-pc/robot_hand_ws/install/schunk_svh_driver/share/schunk_svh_driver/environment/path.sh
[3.146s] -- Installing: /home/lab-pc/robot_hand_ws/install/schunk_svh_driver/share/schunk_svh_driver/environment/path.dsv
[3.146s] -- Installing: /home/lab-pc/robot_hand_ws/install/schunk_svh_driver/share/schunk_svh_driver/local_setup.bash
[3.146s] -- Installing: /home/lab-pc/robot_hand_ws/install/schunk_svh_driver/share/schunk_svh_driver/local_setup.sh
[3.146s] -- Installing: /home/lab-pc/robot_hand_ws/install/schunk_svh_driver/share/schunk_svh_driver/local_setup.zsh
[3.146s] -- Installing: /home/lab-pc/robot_hand_ws/install/schunk_svh_driver/share/schunk_svh_driver/local_setup.dsv
[3.146s] -- Installing: /home/lab-pc/robot_hand_ws/install/schunk_svh_driver/share/schunk_svh_driver/package.dsv
[3.147s] -- Installing: /home/lab-pc/robot_hand_ws/install/schunk_svh_driver/share/ament_index/resource_index/packages/schunk_svh_driver
[3.147s] -- Installing: /home/lab-pc/robot_hand_ws/install/schunk_svh_driver/share/ament_index/resource_index/hardware_interface__pluginlib__plugin/schunk_svh_driver
[3.147s] -- Installing: /home/lab-pc/robot_hand_ws/install/schunk_svh_driver/share/schunk_svh_driver/cmake/schunk_svh_driverConfig.cmake
[3.147s] -- Installing: /home/lab-pc/robot_hand_ws/install/schunk_svh_driver/share/schunk_svh_driver/cmake/schunk_svh_driverConfig-version.cmake
[3.147s] -- Installing: /home/lab-pc/robot_hand_ws/install/schunk_svh_driver/share/schunk_svh_driver/package.xml
[3.149s] Invoked command in '/home/lab-pc/robot_hand_ws/build/schunk_svh_driver' returned '0': AMENT_PREFIX_PATH=/home/lab-pc/robot_hand_ws/install/schunk_svh_description:${AMENT_PREFIX_PATH} CMAKE_PREFIX_PATH=/home/lab-pc/robot_hand_ws/install/schunk_svh_library:/home/lab-pc/robot_hand_ws/install/schunk_svh_description:/home/lab-pc/robot_hand_ws/install/hand_robot_bringup:/home/lab-pc/robot_hand_ws/install/hand_py_pkg:/home/lab-pc/ros2_ws/install/my_py_pkg:/home/lab-pc/install/my_py_pkg:/opt/ros/foxy:/home/lab-pc/ros2_ws/install/schunk_svh_tests:/home/lab-pc/ros2_ws/install/schunk_svh_driver:/home/lab-pc/ros2_ws/install/schunk_svh_library:/home/lab-pc/ros2_ws/install/schunk_svh_description:/home/lab-pc/ros2_ws/install/robot_hand:/home/lab-pc/ros2_ws/install/my_robot_brigup:/home/lab-pc/ros2_ws/install/my_cpp_pkg:/home/lab-pc/ros2_ws/install/gz_snap_ros2_control_demos:/home/lab-pc/install/schunk_svh_tests:/home/lab-pc/install/schunk_svh_driver:/home/lab-pc/install/schunk_svh_library:/home/lab-pc/install/schunk_svh_description:/home/lab-pc/install/my_robot_brigup:/home/lab-pc/install/my_cpp_pkg LD_LIBRARY_PATH=/home/lab-pc/robot_hand_ws/install/schunk_svh_library/lib:${LD_LIBRARY_PATH} PKG_CONFIG_PATH=/home/lab-pc/robot_hand_ws/install/schunk_svh_library/lib/x86_64-linux-gnu/pkgconfig:/home/lab-pc/robot_hand_ws/install/schunk_svh_library/lib/pkgconfig:${PKG_CONFIG_PATH} /usr/bin/cmake --install /home/lab-pc/robot_hand_ws/build/schunk_svh_driver
