[0.177s] DEBUG:colcon:Command line arguments: ['/usr/bin/colcon', 'build']
[0.177s] DEBUG:colcon:Parsed command line arguments: Namespace(allow_overriding=[], ament_cmake_args=None, base_paths=['.'], build_base='build', catkin_cmake_args=None, catkin_skip_building_tests=False, cmake_args=None, cmake_clean_cache=False, cmake_clean_first=False, cmake_force_configure=False, cmake_target=None, cmake_target_skip_unavailable=False, continue_on_error=False, event_handlers=None, executor='parallel', ignore_user_meta=False, install_base='install', log_base=None, log_level=None, main=<bound method BuildVerb.main of <colcon_core.verb.build.BuildVerb object at 0x7f4463bc5be0>>, merge_install=False, metas=['./colcon.meta'], packages_above=None, packages_above_and_dependencies=None, packages_above_depth=None, packages_end=None, packages_ignore=None, packages_ignore_regex=None, packages_select=None, packages_select_build_failed=False, packages_select_by_dep=None, packages_select_regex=None, packages_select_test_failures=False, packages_skip=None, packages_skip_build_finished=False, packages_skip_by_dep=None, packages_skip_regex=None, packages_skip_test_passed=False, packages_skip_up_to=None, packages_start=None, packages_up_to=None, packages_up_to_regex=None, parallel_workers=16, paths=None, symlink_install=False, test_result_base=None, verb_extension=<colcon_core.verb.build.BuildVerb object at 0x7f4463bc5be0>, verb_name='build', verb_parser=<colcon_defaults.argument_parser.defaults.DefaultArgumentsDecorator object at 0x7f4463bcf190>)
[0.192s] Level 1:colcon.colcon_core.package_discovery:discover_packages(colcon_meta) check parameters
[0.192s] Level 1:colcon.colcon_core.package_discovery:discover_packages(recursive) check parameters
[0.192s] Level 1:colcon.colcon_core.package_discovery:discover_packages(ignore) check parameters
[0.192s] Level 1:colcon.colcon_core.package_discovery:discover_packages(path) check parameters
[0.192s] Level 1:colcon.colcon_core.package_discovery:discover_packages(colcon_meta) discover
[0.192s] Level 1:colcon.colcon_core.package_discovery:discover_packages(recursive) discover
[0.192s] INFO:colcon.colcon_core.package_discovery:Crawling recursively for packages in '/home/lab-pc/robot_hand_ws'
[0.192s] Level 1:colcon.colcon_core.package_identification:_identify(.) by extensions ['ignore', 'ignore_ament_install']
[0.192s] Level 1:colcon.colcon_core.package_identification:_identify(.) by extension 'ignore'
[0.192s] Level 1:colcon.colcon_core.package_identification:_identify(.) by extension 'ignore_ament_install'
[0.192s] Level 1:colcon.colcon_core.package_identification:_identify(.) by extensions ['colcon_pkg']
[0.192s] Level 1:colcon.colcon_core.package_identification:_identify(.) by extension 'colcon_pkg'
[0.192s] Level 1:colcon.colcon_core.package_identification:_identify(.) by extensions ['colcon_meta']
[0.192s] Level 1:colcon.colcon_core.package_identification:_identify(.) by extension 'colcon_meta'
[0.192s] Level 1:colcon.colcon_core.package_identification:_identify(.) by extensions ['ros']
[0.192s] Level 1:colcon.colcon_core.package_identification:_identify(.) by extension 'ros'
[0.202s] Level 1:colcon.colcon_core.package_identification:_identify(.) by extensions ['cmake', 'python']
[0.202s] Level 1:colcon.colcon_core.package_identification:_identify(.) by extension 'cmake'
[0.202s] Level 1:colcon.colcon_core.package_identification:_identify(.) by extension 'python'
[0.202s] Level 1:colcon.colcon_core.package_identification:_identify(.) by extensions ['python_setup_py']
[0.202s] Level 1:colcon.colcon_core.package_identification:_identify(.) by extension 'python_setup_py'
[0.202s] Level 1:colcon.colcon_core.package_identification:_identify(build) by extensions ['ignore', 'ignore_ament_install']
[0.202s] Level 1:colcon.colcon_core.package_identification:_identify(build) by extension 'ignore'
[0.202s] Level 1:colcon.colcon_core.package_identification:_identify(build) ignored
[0.203s] Level 1:colcon.colcon_core.package_identification:_identify(install) by extensions ['ignore', 'ignore_ament_install']
[0.203s] Level 1:colcon.colcon_core.package_identification:_identify(install) by extension 'ignore'
[0.203s] Level 1:colcon.colcon_core.package_identification:_identify(install) ignored
[0.203s] Level 1:colcon.colcon_core.package_identification:_identify(log) by extensions ['ignore', 'ignore_ament_install']
[0.203s] Level 1:colcon.colcon_core.package_identification:_identify(log) by extension 'ignore'
[0.203s] Level 1:colcon.colcon_core.package_identification:_identify(log) ignored
[0.203s] Level 1:colcon.colcon_core.package_identification:_identify(src) by extensions ['ignore', 'ignore_ament_install']
[0.203s] Level 1:colcon.colcon_core.package_identification:_identify(src) by extension 'ignore'
[0.203s] Level 1:colcon.colcon_core.package_identification:_identify(src) by extension 'ignore_ament_install'
[0.203s] Level 1:colcon.colcon_core.package_identification:_identify(src) by extensions ['colcon_pkg']
[0.203s] Level 1:colcon.colcon_core.package_identification:_identify(src) by extension 'colcon_pkg'
[0.203s] Level 1:colcon.colcon_core.package_identification:_identify(src) by extensions ['colcon_meta']
[0.203s] Level 1:colcon.colcon_core.package_identification:_identify(src) by extension 'colcon_meta'
[0.203s] Level 1:colcon.colcon_core.package_identification:_identify(src) by extensions ['ros']
[0.203s] Level 1:colcon.colcon_core.package_identification:_identify(src) by extension 'ros'
[0.203s] Level 1:colcon.colcon_core.package_identification:_identify(src) by extensions ['cmake', 'python']
[0.203s] Level 1:colcon.colcon_core.package_identification:_identify(src) by extension 'cmake'
[0.203s] Level 1:colcon.colcon_core.package_identification:_identify(src) by extension 'python'
[0.203s] Level 1:colcon.colcon_core.package_identification:_identify(src) by extensions ['python_setup_py']
[0.203s] Level 1:colcon.colcon_core.package_identification:_identify(src) by extension 'python_setup_py'
[0.203s] Level 1:colcon.colcon_core.package_identification:_identify(src/hand_py_pkg) by extensions ['ignore', 'ignore_ament_install']
[0.203s] Level 1:colcon.colcon_core.package_identification:_identify(src/hand_py_pkg) by extension 'ignore'
[0.203s] Level 1:colcon.colcon_core.package_identification:_identify(src/hand_py_pkg) by extension 'ignore_ament_install'
[0.203s] Level 1:colcon.colcon_core.package_identification:_identify(src/hand_py_pkg) by extensions ['colcon_pkg']
[0.203s] Level 1:colcon.colcon_core.package_identification:_identify(src/hand_py_pkg) by extension 'colcon_pkg'
[0.203s] Level 1:colcon.colcon_core.package_identification:_identify(src/hand_py_pkg) by extensions ['colcon_meta']
[0.203s] Level 1:colcon.colcon_core.package_identification:_identify(src/hand_py_pkg) by extension 'colcon_meta'
[0.203s] Level 1:colcon.colcon_core.package_identification:_identify(src/hand_py_pkg) by extensions ['ros']
[0.203s] Level 1:colcon.colcon_core.package_identification:_identify(src/hand_py_pkg) by extension 'ros'
[0.205s] DEBUG:colcon.colcon_core.package_identification:Package 'src/hand_py_pkg' with type 'ros.ament_python' and name 'hand_py_pkg'
[0.205s] Level 1:colcon.colcon_core.package_identification:_identify(src/hand_robot_bringup) by extensions ['ignore', 'ignore_ament_install']
[0.205s] Level 1:colcon.colcon_core.package_identification:_identify(src/hand_robot_bringup) by extension 'ignore'
[0.205s] Level 1:colcon.colcon_core.package_identification:_identify(src/hand_robot_bringup) by extension 'ignore_ament_install'
[0.205s] Level 1:colcon.colcon_core.package_identification:_identify(src/hand_robot_bringup) by extensions ['colcon_pkg']
[0.205s] Level 1:colcon.colcon_core.package_identification:_identify(src/hand_robot_bringup) by extension 'colcon_pkg'
[0.205s] Level 1:colcon.colcon_core.package_identification:_identify(src/hand_robot_bringup) by extensions ['colcon_meta']
[0.205s] Level 1:colcon.colcon_core.package_identification:_identify(src/hand_robot_bringup) by extension 'colcon_meta'
[0.205s] Level 1:colcon.colcon_core.package_identification:_identify(src/hand_robot_bringup) by extensions ['ros']
[0.205s] Level 1:colcon.colcon_core.package_identification:_identify(src/hand_robot_bringup) by extension 'ros'
[0.206s] DEBUG:colcon.colcon_core.package_identification:Package 'src/hand_robot_bringup' with type 'ros.ament_cmake' and name 'hand_robot_bringup'
[0.206s] Level 1:colcon.colcon_core.package_discovery:discover_packages(recursive) using defaults
[0.206s] Level 1:colcon.colcon_core.package_discovery:discover_packages(ignore) discover
[0.206s] Level 1:colcon.colcon_core.package_discovery:discover_packages(ignore) using defaults
[0.206s] Level 1:colcon.colcon_core.package_discovery:discover_packages(path) discover
[0.206s] Level 1:colcon.colcon_core.package_discovery:discover_packages(path) using defaults
[0.216s] Level 1:colcon.colcon_core.package_discovery:discover_packages(prefix_path) check parameters
[0.216s] Level 1:colcon.colcon_core.package_discovery:discover_packages(prefix_path) discover
[0.218s] DEBUG:colcon.colcon_installed_package_information.package_discovery:Found 12 installed packages in /home/lab-pc/ros2_ws/install
[0.219s] DEBUG:colcon.colcon_installed_package_information.package_discovery:Found 1 installed packages in /home/lab-pc/robot_hand_ws/install
[0.219s] DEBUG:colcon.colcon_installed_package_information.package_discovery:Found 7 installed packages in /home/lab-pc/install
[0.221s] DEBUG:colcon.colcon_installed_package_information.package_discovery:Found 277 installed packages in /opt/ros/foxy
[0.221s] Level 1:colcon.colcon_core.package_discovery:discover_packages(prefix_path) using defaults
[0.259s] Level 5:colcon.colcon_core.verb:set package 'hand_py_pkg' build argument 'cmake_args' from command line to 'None'
[0.259s] Level 5:colcon.colcon_core.verb:set package 'hand_py_pkg' build argument 'cmake_target' from command line to 'None'
[0.259s] Level 5:colcon.colcon_core.verb:set package 'hand_py_pkg' build argument 'cmake_target_skip_unavailable' from command line to 'False'
[0.259s] Level 5:colcon.colcon_core.verb:set package 'hand_py_pkg' build argument 'cmake_clean_cache' from command line to 'False'
[0.259s] Level 5:colcon.colcon_core.verb:set package 'hand_py_pkg' build argument 'cmake_clean_first' from command line to 'False'
[0.260s] Level 5:colcon.colcon_core.verb:set package 'hand_py_pkg' build argument 'cmake_force_configure' from command line to 'False'
[0.260s] Level 5:colcon.colcon_core.verb:set package 'hand_py_pkg' build argument 'ament_cmake_args' from command line to 'None'
[0.260s] Level 5:colcon.colcon_core.verb:set package 'hand_py_pkg' build argument 'catkin_cmake_args' from command line to 'None'
[0.260s] Level 5:colcon.colcon_core.verb:set package 'hand_py_pkg' build argument 'catkin_skip_building_tests' from command line to 'False'
[0.260s] DEBUG:colcon.colcon_core.verb:Building package 'hand_py_pkg' with the following arguments: {'ament_cmake_args': None, 'build_base': '/home/lab-pc/robot_hand_ws/build/hand_py_pkg', 'catkin_cmake_args': None, 'catkin_skip_building_tests': False, 'cmake_args': None, 'cmake_clean_cache': False, 'cmake_clean_first': False, 'cmake_force_configure': False, 'cmake_target': None, 'cmake_target_skip_unavailable': False, 'install_base': '/home/lab-pc/robot_hand_ws/install/hand_py_pkg', 'merge_install': False, 'path': '/home/lab-pc/robot_hand_ws/src/hand_py_pkg', 'symlink_install': False, 'test_result_base': None}
[0.260s] Level 5:colcon.colcon_core.verb:set package 'hand_robot_bringup' build argument 'cmake_args' from command line to 'None'
[0.260s] Level 5:colcon.colcon_core.verb:set package 'hand_robot_bringup' build argument 'cmake_target' from command line to 'None'
[0.260s] Level 5:colcon.colcon_core.verb:set package 'hand_robot_bringup' build argument 'cmake_target_skip_unavailable' from command line to 'False'
[0.260s] Level 5:colcon.colcon_core.verb:set package 'hand_robot_bringup' build argument 'cmake_clean_cache' from command line to 'False'
[0.260s] Level 5:colcon.colcon_core.verb:set package 'hand_robot_bringup' build argument 'cmake_clean_first' from command line to 'False'
[0.260s] Level 5:colcon.colcon_core.verb:set package 'hand_robot_bringup' build argument 'cmake_force_configure' from command line to 'False'
[0.260s] Level 5:colcon.colcon_core.verb:set package 'hand_robot_bringup' build argument 'ament_cmake_args' from command line to 'None'
[0.260s] Level 5:colcon.colcon_core.verb:set package 'hand_robot_bringup' build argument 'catkin_cmake_args' from command line to 'None'
[0.260s] Level 5:colcon.colcon_core.verb:set package 'hand_robot_bringup' build argument 'catkin_skip_building_tests' from command line to 'False'
[0.260s] DEBUG:colcon.colcon_core.verb:Building package 'hand_robot_bringup' with the following arguments: {'ament_cmake_args': None, 'build_base': '/home/lab-pc/robot_hand_ws/build/hand_robot_bringup', 'catkin_cmake_args': None, 'catkin_skip_building_tests': False, 'cmake_args': None, 'cmake_clean_cache': False, 'cmake_clean_first': False, 'cmake_force_configure': False, 'cmake_target': None, 'cmake_target_skip_unavailable': False, 'install_base': '/home/lab-pc/robot_hand_ws/install/hand_robot_bringup', 'merge_install': False, 'path': '/home/lab-pc/robot_hand_ws/src/hand_robot_bringup', 'symlink_install': False, 'test_result_base': None}
[0.261s] INFO:colcon.colcon_core.executor:Executing jobs using 'parallel' executor
[0.262s] DEBUG:colcon.colcon_parallel_executor.executor.parallel:run_until_complete
[0.262s] INFO:colcon.colcon_ros.task.ament_python.build:Building ROS package in '/home/lab-pc/robot_hand_ws/src/hand_py_pkg' with build type 'ament_python'
[0.263s] Level 1:colcon.colcon_core.shell:create_environment_hook('hand_py_pkg', 'ament_prefix_path')
[0.265s] INFO:colcon.colcon_core.plugin_system:Skipping extension 'colcon_core.shell.bat': Not used on non-Windows systems
[0.265s] INFO:colcon.colcon_core.shell:Creating environment hook '/home/lab-pc/robot_hand_ws/install/hand_py_pkg/share/hand_py_pkg/hook/ament_prefix_path.ps1'
[0.265s] INFO:colcon.colcon_core.shell:Creating environment descriptor '/home/lab-pc/robot_hand_ws/install/hand_py_pkg/share/hand_py_pkg/hook/ament_prefix_path.dsv'
[0.266s] INFO:colcon.colcon_core.shell:Creating environment hook '/home/lab-pc/robot_hand_ws/install/hand_py_pkg/share/hand_py_pkg/hook/ament_prefix_path.sh'
[0.267s] INFO:colcon.colcon_core.shell:Skip shell extension 'powershell' for command environment: Not usable outside of PowerShell
[0.267s] DEBUG:colcon.colcon_core.shell:Skip shell extension 'dsv' for command environment
[0.271s] INFO:colcon.colcon_ros.task.ament_cmake.build:Building ROS package in '/home/lab-pc/robot_hand_ws/src/hand_robot_bringup' with build type 'ament_cmake'
[0.271s] INFO:colcon.colcon_cmake.task.cmake.build:Building CMake package in '/home/lab-pc/robot_hand_ws/src/hand_robot_bringup'
[0.272s] INFO:colcon.colcon_core.shell:Skip shell extension 'powershell' for command environment: Not usable outside of PowerShell
[0.272s] DEBUG:colcon.colcon_core.shell:Skip shell extension 'dsv' for command environment
[0.396s] INFO:colcon.colcon_core.task.python.build:Building Python package in '/home/lab-pc/robot_hand_ws/src/hand_py_pkg'
[0.397s] INFO:colcon.colcon_core.shell:Skip shell extension 'powershell' for command environment: Not usable outside of PowerShell
[0.397s] DEBUG:colcon.colcon_core.shell:Skip shell extension 'dsv' for command environment
[0.405s] DEBUG:colcon.colcon_core.event_handler.log_command:Invoking command in '/home/lab-pc/robot_hand_ws/build/hand_robot_bringup': CMAKE_PREFIX_PATH=/home/lab-pc/robot_hand_ws/install/hand_py_pkg:/home/lab-pc/ros2_ws/install/my_py_pkg:/home/lab-pc/install/my_py_pkg:/opt/ros/foxy:${CMAKE_PREFIX_PATH} /usr/bin/cmake /home/lab-pc/robot_hand_ws/src/hand_robot_bringup -DCMAKE_INSTALL_PREFIX=/home/lab-pc/robot_hand_ws/install/hand_robot_bringup
[0.617s] DEBUG:colcon.colcon_core.event_handler.log_command:Invoking command in '/home/lab-pc/robot_hand_ws/build/hand_py_pkg': PYTHONPATH=/home/lab-pc/robot_hand_ws/build/hand_py_pkg/prefix_override:/home/lab-pc/robot_hand_ws/install/hand_py_pkg/lib/python3.8/site-packages:${PYTHONPATH} /usr/bin/python3 setup.py develop --uninstall --editable --build-directory /home/lab-pc/robot_hand_ws/build/hand_py_pkg/build
[0.823s] DEBUG:colcon.colcon_core.event_handler.log_command:Invoked command in '/home/lab-pc/robot_hand_ws/build/hand_py_pkg' returned '0': PYTHONPATH=/home/lab-pc/robot_hand_ws/build/hand_py_pkg/prefix_override:/home/lab-pc/robot_hand_ws/install/hand_py_pkg/lib/python3.8/site-packages:${PYTHONPATH} /usr/bin/python3 setup.py develop --uninstall --editable --build-directory /home/lab-pc/robot_hand_ws/build/hand_py_pkg/build
[0.824s] DEBUG:colcon.colcon_core.event_handler.log_command:Invoking command in '/home/lab-pc/robot_hand_ws/src/hand_py_pkg': PYTHONPATH=/home/lab-pc/robot_hand_ws/build/hand_py_pkg/prefix_override:/home/lab-pc/robot_hand_ws/install/hand_py_pkg/lib/python3.8/site-packages:${PYTHONPATH} /usr/bin/python3 setup.py egg_info --egg-base ../../build/hand_py_pkg build --build-base /home/lab-pc/robot_hand_ws/build/hand_py_pkg/build install --record /home/lab-pc/robot_hand_ws/build/hand_py_pkg/install.log --install-scripts $base/lib/hand_py_pkg --single-version-externally-managed
[0.857s] DEBUG:colcon.colcon_core.event_handler.log_command:Invoked command in '/home/lab-pc/robot_hand_ws/build/hand_robot_bringup' returned '0': CMAKE_PREFIX_PATH=/home/lab-pc/robot_hand_ws/install/hand_py_pkg:/home/lab-pc/ros2_ws/install/my_py_pkg:/home/lab-pc/install/my_py_pkg:/opt/ros/foxy:${CMAKE_PREFIX_PATH} /usr/bin/cmake /home/lab-pc/robot_hand_ws/src/hand_robot_bringup -DCMAKE_INSTALL_PREFIX=/home/lab-pc/robot_hand_ws/install/hand_robot_bringup
[0.858s] DEBUG:colcon.colcon_core.event_handler.log_command:Invoking command in '/home/lab-pc/robot_hand_ws/build/hand_robot_bringup': CMAKE_PREFIX_PATH=/home/lab-pc/robot_hand_ws/install/hand_py_pkg:/home/lab-pc/ros2_ws/install/my_py_pkg:/home/lab-pc/install/my_py_pkg:/opt/ros/foxy:${CMAKE_PREFIX_PATH} /usr/bin/cmake --build /home/lab-pc/robot_hand_ws/build/hand_robot_bringup -- -j16 -l16
[0.878s] DEBUG:colcon.colcon_core.event_handler.log_command:Invoked command in '/home/lab-pc/robot_hand_ws/build/hand_robot_bringup' returned '0': CMAKE_PREFIX_PATH=/home/lab-pc/robot_hand_ws/install/hand_py_pkg:/home/lab-pc/ros2_ws/install/my_py_pkg:/home/lab-pc/install/my_py_pkg:/opt/ros/foxy:${CMAKE_PREFIX_PATH} /usr/bin/cmake --build /home/lab-pc/robot_hand_ws/build/hand_robot_bringup -- -j16 -l16
[0.898s] DEBUG:colcon.colcon_core.event_handler.log_command:Invoking command in '/home/lab-pc/robot_hand_ws/build/hand_robot_bringup': CMAKE_PREFIX_PATH=/home/lab-pc/robot_hand_ws/install/hand_py_pkg:/home/lab-pc/ros2_ws/install/my_py_pkg:/home/lab-pc/install/my_py_pkg:/opt/ros/foxy:${CMAKE_PREFIX_PATH} /usr/bin/cmake --install /home/lab-pc/robot_hand_ws/build/hand_robot_bringup
[0.904s] Level 1:colcon.colcon_core.environment:create_environment_scripts_only(hand_robot_bringup)
[0.905s] DEBUG:colcon.colcon_core.event_handler.log_command:Invoked command in '/home/lab-pc/robot_hand_ws/build/hand_robot_bringup' returned '0': CMAKE_PREFIX_PATH=/home/lab-pc/robot_hand_ws/install/hand_py_pkg:/home/lab-pc/ros2_ws/install/my_py_pkg:/home/lab-pc/install/my_py_pkg:/opt/ros/foxy:${CMAKE_PREFIX_PATH} /usr/bin/cmake --install /home/lab-pc/robot_hand_ws/build/hand_robot_bringup
[0.908s] Level 1:colcon.colcon_core.environment:checking '/home/lab-pc/robot_hand_ws/install/hand_robot_bringup' for CMake module files
[0.908s] Level 1:colcon.colcon_core.environment:checking '/home/lab-pc/robot_hand_ws/install/hand_robot_bringup' for CMake config files
[0.908s] Level 1:colcon.colcon_core.shell:create_environment_hook('hand_robot_bringup', 'cmake_prefix_path')
[0.909s] INFO:colcon.colcon_core.shell:Creating environment hook '/home/lab-pc/robot_hand_ws/install/hand_robot_bringup/share/hand_robot_bringup/hook/cmake_prefix_path.ps1'
[0.909s] INFO:colcon.colcon_core.shell:Creating environment descriptor '/home/lab-pc/robot_hand_ws/install/hand_robot_bringup/share/hand_robot_bringup/hook/cmake_prefix_path.dsv'
[0.909s] INFO:colcon.colcon_core.shell:Creating environment hook '/home/lab-pc/robot_hand_ws/install/hand_robot_bringup/share/hand_robot_bringup/hook/cmake_prefix_path.sh'
[0.909s] Level 1:colcon.colcon_core.environment:checking '/home/lab-pc/robot_hand_ws/install/hand_robot_bringup/bin'
[0.910s] Level 1:colcon.colcon_core.environment:checking '/home/lab-pc/robot_hand_ws/install/hand_robot_bringup/lib/pkgconfig/hand_robot_bringup.pc'
[0.910s] Level 1:colcon.colcon_core.environment:checking '/home/lab-pc/robot_hand_ws/install/hand_robot_bringup/lib/python3.8/site-packages'
[0.910s] Level 1:colcon.colcon_core.environment:checking '/home/lab-pc/robot_hand_ws/install/hand_robot_bringup/bin'
[0.911s] INFO:colcon.colcon_core.shell:Creating package script '/home/lab-pc/robot_hand_ws/install/hand_robot_bringup/share/hand_robot_bringup/package.ps1'
[0.911s] INFO:colcon.colcon_core.shell:Creating package descriptor '/home/lab-pc/robot_hand_ws/install/hand_robot_bringup/share/hand_robot_bringup/package.dsv'
[0.911s] INFO:colcon.colcon_core.shell:Creating package script '/home/lab-pc/robot_hand_ws/install/hand_robot_bringup/share/hand_robot_bringup/package.sh'
[0.912s] INFO:colcon.colcon_core.shell:Creating package script '/home/lab-pc/robot_hand_ws/install/hand_robot_bringup/share/hand_robot_bringup/package.bash'
[0.912s] INFO:colcon.colcon_core.shell:Creating package script '/home/lab-pc/robot_hand_ws/install/hand_robot_bringup/share/hand_robot_bringup/package.zsh'
[0.912s] Level 1:colcon.colcon_core.environment:create_file_with_runtime_dependencies(/home/lab-pc/robot_hand_ws/install/hand_robot_bringup/share/colcon-core/packages/hand_robot_bringup)
[0.925s] Level 1:colcon.colcon_core.environment:create_environment_scripts_only(hand_robot_bringup)
[0.927s] Level 1:colcon.colcon_core.environment:checking '/home/lab-pc/robot_hand_ws/install/hand_robot_bringup' for CMake module files
[0.927s] Level 1:colcon.colcon_core.environment:checking '/home/lab-pc/robot_hand_ws/install/hand_robot_bringup' for CMake config files
[0.927s] Level 1:colcon.colcon_core.shell:create_environment_hook('hand_robot_bringup', 'cmake_prefix_path')
[0.928s] INFO:colcon.colcon_core.shell:Creating environment hook '/home/lab-pc/robot_hand_ws/install/hand_robot_bringup/share/hand_robot_bringup/hook/cmake_prefix_path.ps1'
[0.928s] INFO:colcon.colcon_core.shell:Creating environment descriptor '/home/lab-pc/robot_hand_ws/install/hand_robot_bringup/share/hand_robot_bringup/hook/cmake_prefix_path.dsv'
[0.928s] INFO:colcon.colcon_core.shell:Creating environment hook '/home/lab-pc/robot_hand_ws/install/hand_robot_bringup/share/hand_robot_bringup/hook/cmake_prefix_path.sh'
[0.928s] Level 1:colcon.colcon_core.environment:checking '/home/lab-pc/robot_hand_ws/install/hand_robot_bringup/bin'
[0.928s] Level 1:colcon.colcon_core.environment:checking '/home/lab-pc/robot_hand_ws/install/hand_robot_bringup/lib/pkgconfig/hand_robot_bringup.pc'
[0.929s] Level 1:colcon.colcon_core.environment:checking '/home/lab-pc/robot_hand_ws/install/hand_robot_bringup/lib/python3.8/site-packages'
[0.929s] Level 1:colcon.colcon_core.environment:checking '/home/lab-pc/robot_hand_ws/install/hand_robot_bringup/bin'
[0.929s] INFO:colcon.colcon_core.shell:Creating package script '/home/lab-pc/robot_hand_ws/install/hand_robot_bringup/share/hand_robot_bringup/package.ps1'
[0.930s] INFO:colcon.colcon_core.shell:Creating package descriptor '/home/lab-pc/robot_hand_ws/install/hand_robot_bringup/share/hand_robot_bringup/package.dsv'
[0.930s] INFO:colcon.colcon_core.shell:Creating package script '/home/lab-pc/robot_hand_ws/install/hand_robot_bringup/share/hand_robot_bringup/package.sh'
[0.930s] INFO:colcon.colcon_core.shell:Creating package script '/home/lab-pc/robot_hand_ws/install/hand_robot_bringup/share/hand_robot_bringup/package.bash'
[0.930s] INFO:colcon.colcon_core.shell:Creating package script '/home/lab-pc/robot_hand_ws/install/hand_robot_bringup/share/hand_robot_bringup/package.zsh'
[0.931s] Level 1:colcon.colcon_core.environment:create_file_with_runtime_dependencies(/home/lab-pc/robot_hand_ws/install/hand_robot_bringup/share/colcon-core/packages/hand_robot_bringup)
[0.985s] Level 1:colcon.colcon_core.environment:checking '/home/lab-pc/robot_hand_ws/install/hand_py_pkg' for CMake module files
[0.985s] DEBUG:colcon.colcon_core.event_handler.log_command:Invoked command in '/home/lab-pc/robot_hand_ws/src/hand_py_pkg' returned '0': PYTHONPATH=/home/lab-pc/robot_hand_ws/build/hand_py_pkg/prefix_override:/home/lab-pc/robot_hand_ws/install/hand_py_pkg/lib/python3.8/site-packages:${PYTHONPATH} /usr/bin/python3 setup.py egg_info --egg-base ../../build/hand_py_pkg build --build-base /home/lab-pc/robot_hand_ws/build/hand_py_pkg/build install --record /home/lab-pc/robot_hand_ws/build/hand_py_pkg/install.log --install-scripts $base/lib/hand_py_pkg --single-version-externally-managed
[0.985s] Level 1:colcon.colcon_core.environment:checking '/home/lab-pc/robot_hand_ws/install/hand_py_pkg' for CMake config files
[0.986s] Level 1:colcon.colcon_core.environment:checking '/home/lab-pc/robot_hand_ws/install/hand_py_pkg/lib'
[0.986s] Level 1:colcon.colcon_core.environment:checking '/home/lab-pc/robot_hand_ws/install/hand_py_pkg/bin'
[0.986s] Level 1:colcon.colcon_core.environment:checking '/home/lab-pc/robot_hand_ws/install/hand_py_pkg/lib/pkgconfig/hand_py_pkg.pc'
[0.986s] Level 1:colcon.colcon_core.environment:checking '/home/lab-pc/robot_hand_ws/install/hand_py_pkg/lib/python3.8/site-packages'
[0.986s] Level 1:colcon.colcon_core.shell:create_environment_hook('hand_py_pkg', 'pythonpath')
[0.987s] INFO:colcon.colcon_core.shell:Creating environment hook '/home/lab-pc/robot_hand_ws/install/hand_py_pkg/share/hand_py_pkg/hook/pythonpath.ps1'
[0.987s] INFO:colcon.colcon_core.shell:Creating environment descriptor '/home/lab-pc/robot_hand_ws/install/hand_py_pkg/share/hand_py_pkg/hook/pythonpath.dsv'
[0.987s] INFO:colcon.colcon_core.shell:Creating environment hook '/home/lab-pc/robot_hand_ws/install/hand_py_pkg/share/hand_py_pkg/hook/pythonpath.sh'
[0.988s] Level 1:colcon.colcon_core.environment:checking '/home/lab-pc/robot_hand_ws/install/hand_py_pkg/bin'
[0.988s] Level 1:colcon.colcon_core.environment:create_environment_scripts_only(hand_py_pkg)
[0.988s] INFO:colcon.colcon_core.shell:Creating package script '/home/lab-pc/robot_hand_ws/install/hand_py_pkg/share/hand_py_pkg/package.ps1'
[0.989s] INFO:colcon.colcon_core.shell:Creating package descriptor '/home/lab-pc/robot_hand_ws/install/hand_py_pkg/share/hand_py_pkg/package.dsv'
[0.989s] INFO:colcon.colcon_core.shell:Creating package script '/home/lab-pc/robot_hand_ws/install/hand_py_pkg/share/hand_py_pkg/package.sh'
[0.989s] INFO:colcon.colcon_core.shell:Creating package script '/home/lab-pc/robot_hand_ws/install/hand_py_pkg/share/hand_py_pkg/package.bash'
[0.989s] INFO:colcon.colcon_core.shell:Creating package script '/home/lab-pc/robot_hand_ws/install/hand_py_pkg/share/hand_py_pkg/package.zsh'
[0.989s] Level 1:colcon.colcon_core.environment:create_file_with_runtime_dependencies(/home/lab-pc/robot_hand_ws/install/hand_py_pkg/share/colcon-core/packages/hand_py_pkg)
[0.990s] DEBUG:colcon.colcon_parallel_executor.executor.parallel:closing loop
[0.990s] DEBUG:colcon.colcon_parallel_executor.executor.parallel:loop closed
[0.990s] DEBUG:colcon.colcon_parallel_executor.executor.parallel:run_until_complete finished with '0'
[0.990s] DEBUG:colcon.colcon_core.event_reactor:joining thread
[0.993s] INFO:colcon.colcon_core.plugin_system:Skipping extension 'colcon_notification.desktop_notification.terminal_notifier': Not used on non-Darwin systems
[0.993s] INFO:colcon.colcon_core.plugin_system:Skipping extension 'colcon_notification.desktop_notification.win32': Not used on non-Windows systems
[0.993s] INFO:colcon.colcon_notification.desktop_notification:Sending desktop notification using 'notify2'
[1.002s] DEBUG:colcon.colcon_core.event_reactor:joined thread
[1.003s] INFO:colcon.colcon_core.shell:Creating prefix script '/home/lab-pc/robot_hand_ws/install/local_setup.ps1'
[1.004s] INFO:colcon.colcon_core.shell:Creating prefix util module '/home/lab-pc/robot_hand_ws/install/_local_setup_util_ps1.py'
[1.004s] INFO:colcon.colcon_core.shell:Creating prefix chain script '/home/lab-pc/robot_hand_ws/install/setup.ps1'
[1.005s] INFO:colcon.colcon_core.shell:Creating prefix script '/home/lab-pc/robot_hand_ws/install/local_setup.sh'
[1.006s] INFO:colcon.colcon_core.shell:Creating prefix util module '/home/lab-pc/robot_hand_ws/install/_local_setup_util_sh.py'
[1.006s] INFO:colcon.colcon_core.shell:Creating prefix chain script '/home/lab-pc/robot_hand_ws/install/setup.sh'
[1.007s] INFO:colcon.colcon_core.shell:Creating prefix script '/home/lab-pc/robot_hand_ws/install/local_setup.bash'
[1.007s] INFO:colcon.colcon_core.shell:Creating prefix chain script '/home/lab-pc/robot_hand_ws/install/setup.bash'
[1.008s] INFO:colcon.colcon_core.shell:Creating prefix script '/home/lab-pc/robot_hand_ws/install/local_setup.zsh'
[1.008s] INFO:colcon.colcon_core.shell:Creating prefix chain script '/home/lab-pc/robot_hand_ws/install/setup.zsh'
