running develop
Removing /home/lab-pc/robot_hand_ws/install/hand_py_pkg/lib/python3.8/site-packages/hand-py-pkg.egg-link (link to .)
running egg_info
writing ../../build/hand_py_pkg/hand_py_pkg.egg-info/PKG-INFO
writing dependency_links to ../../build/hand_py_pkg/hand_py_pkg.egg-info/dependency_links.txt
writing entry points to ../../build/hand_py_pkg/hand_py_pkg.egg-info/entry_points.txt
writing requirements to ../../build/hand_py_pkg/hand_py_pkg.egg-info/requires.txt
writing top-level names to ../../build/hand_py_pkg/hand_py_pkg.egg-info/top_level.txt
reading manifest file '../../build/hand_py_pkg/hand_py_pkg.egg-info/SOURCES.txt'
writing manifest file '../../build/hand_py_pkg/hand_py_pkg.egg-info/SOURCES.txt'
running build
running build_py
copying hand_py_pkg/requested_gestures.py -> /home/lab-pc/robot_hand_ws/build/hand_py_pkg/build/lib/hand_py_pkg
running install
running install_lib
creating /home/lab-pc/robot_hand_ws/install/hand_py_pkg/lib/python3.8/site-packages/hand_py_pkg
copying /home/lab-pc/robot_hand_ws/build/hand_py_pkg/build/lib/hand_py_pkg/__init__.py -> /home/lab-pc/robot_hand_ws/install/hand_py_pkg/lib/python3.8/site-packages/hand_py_pkg
copying /home/lab-pc/robot_hand_ws/build/hand_py_pkg/build/lib/hand_py_pkg/requested_gestures.py -> /home/lab-pc/robot_hand_ws/install/hand_py_pkg/lib/python3.8/site-packages/hand_py_pkg
byte-compiling /home/lab-pc/robot_hand_ws/install/hand_py_pkg/lib/python3.8/site-packages/hand_py_pkg/__init__.py to __init__.cpython-38.pyc
byte-compiling /home/lab-pc/robot_hand_ws/install/hand_py_pkg/lib/python3.8/site-packages/hand_py_pkg/requested_gestures.py to requested_gestures.cpython-38.pyc
running install_data
running install_egg_info
Copying ../../build/hand_py_pkg/hand_py_pkg.egg-info to /home/lab-pc/robot_hand_ws/install/hand_py_pkg/lib/python3.8/site-packages/hand_py_pkg-0.0.0-py3.8.egg-info
running install_scripts
writing list of installed files to '/home/lab-pc/robot_hand_ws/build/hand_py_pkg/install.log'
